#
# A fatal error has been detected by the Java Runtime Environment:
#
#  EXCEPTION_ACCESS_VIOLATION (0xc0000005) at pc=0x00007ff98808ba41, pid=8912, tid=24516
#
# JRE version: OpenJDK Runtime Environment Zulu24.30+11-CA (24.0.1+9) (build 24.0.1+9)
# Java VM: OpenJDK 64-Bit Server VM Zulu24.30+11-CA (24.0.1+9, mixed mode, sharing, tiered, compressed oops, compressed class ptrs, g1 gc, windows-amd64)
# Problematic frame:
# C  [awt.dll+0xdba41]
#
# No core dump will be written. Minidumps are not enabled by default on client versions of Windows
#
# If you would like to submit a bug report, please visit:
#   http://www.azul.com/support/
# The crash happened outside the Java Virtual Machine in native code.
# See problematic frame for where to report the bug.
#

---------------  S U M M A R Y ------------

Command Line: --enable-preview Table1

Host: Intel(R) Core(TM) i5-8265U CPU @ 1.60GHz, 8 cores, 7G,  Windows 11 , 64 bit Build 26100 (10.0.26100.4741)
Time: Mon Jul 28 13:30:56 2025 India Standard Time elapsed time: 5603.783934 seconds (0d 1h 33m 23s)

---------------  T H R E A D  ---------------

Current thread (0x0000022f685f1660):  JavaThread "AWT-Windows" daemon [_thread_in_native, id=24516, stack(0x0000003d78600000,0x0000003d78700000) (1024K)]

Stack: [0x0000003d78600000,0x0000003d78700000],  sp=0x0000003d786fed60,  free space=1019k
Native frames: (J=compiled Java code, j=interpreted, Vv=VM code, C=native code)
C  [awt.dll+0xdba41]  (no source info available)
C  [awt.dll+0x9786c]  (no source info available)
C  [awt.dll+0x97916]  (no source info available)
C  [awt.dll+0x94cff]  (no source info available)
C  [awt.dll+0xdfddc]  (no source info available)
C  [awt.dll+0xb0d4d]  (no source info available)
C  [awt.dll+0x97e4d]  (no source info available)
C  [USER32.dll+0x17cf6]  (no source info available)
C  [USER32.dll+0x177bc]  (no source info available)
C  [awt.dll+0x16543]  (no source info available)
C  [COMCTL32.dll+0x23a08]  (no source info available)
C  [COMCTL32.dll+0x237df]  (no source info available)
C  [USER32.dll+0x17cf6]  (no source info available)
C  [USER32.dll+0x1584d]  (no source info available)
C  [awt.dll+0xd508e]  (no source info available)
C  [awt.dll+0xd6e82]  (no source info available)
C  0x0000022f15d6ce20  (no source info available)

The last pc belongs to native method entry point (kind = native) (printed below).
Java frames: (J=compiled Java code, j=interpreted, Vv=VM code)
j  sun.awt.windows.WToolkit.eventLoop()V+0 java.desktop@24.0.1
j  sun.awt.windows.WToolkit.run()V+56 java.desktop@24.0.1
j  java.lang.Thread.runWith(Ljava/lang/Object;Ljava/lang/Runnable;)V+5 java.base@24.0.1
j  java.lang.Thread.run()V+19 java.base@24.0.1
v  ~StubRoutines::call_stub 0x0000022f15d60fcd

siginfo: EXCEPTION_ACCESS_VIOLATION (0xc0000005), reading address 0x0000000000000008


Registers:
RAX=0x0000000000000000, RBX=0x0000022f689e4340, RCX=0x0000000000000000, RDX=0x0000000000000000
RSP=0x0000003d786fed60, RBP=0x0000003d786fee69, RSI=0xffffffff9501130c, RDI=0x0000000000000000
R8 =0x0000000000000001, R9 =0x0000003d76d37000, R10=0x0000000000000000, R11=0x0000000000000246
R12=0x0000000000000000, R13=0x0000000000000310, R14=0x0000000000000000, R15=0x0000000000000000
RIP=0x00007ff98808ba41, EFLAGS=0x0000000000010246

XMM[0]=0x0000000000000000 0x0000000000000000
XMM[1]=0x0000000000000000 0x0000000000000000
XMM[2]=0x0000000000000000 0x0000000000000000
XMM[3]=0x0000000000000000 0x0000000000000000
XMM[4]=0x0000000000000000 0x0000000000000000
XMM[5]=0x0000000000000000 0x0000000000000000
XMM[6]=0x0000000000000000 0x0000000000000000
XMM[7]=0x0000000000000000 0x0000000000000000
XMM[8]=0x0000000000000000 0x0000000000000000
XMM[9]=0x0000000000000000 0x0000000000000000
XMM[10]=0x0000000000000000 0x0000000000000000
XMM[11]=0x0000000000000000 0x0000000000000000
XMM[12]=0x0000000000000000 0x0000000000000000
XMM[13]=0x0000000000000000 0x0000000000000000
XMM[14]=0x0000000000000000 0x0000000000000000
XMM[15]=0x0000000000000000 0x0000000000000000
  MXCSR=0x00001fa0


Register to memory mapping:

RAX=0x0 is null
RBX=0x0000022f689e4340 points into unknown readable memory: 0x0000022f68b7ccb0 | b0 cc b7 68 2f 02 00 00
RCX=0x0 is null
RDX=0x0 is null
RSP=0x0000003d786fed60 is pointing into the stack for thread: 0x0000022f685f1660
RBP=0x0000003d786fee69 is pointing into the stack for thread: 0x0000022f685f1660
RSI=0xffffffff9501130c is an unknown value
RDI=0x0 is null
R8 =0x0000000000000001 is an unknown value
R9 =0x0000003d76d37000 points into unknown readable memory: 0x0000000000000000 | 00 00 00 00 00 00 00 00
R10=0x0 is null
R11=0x0000000000000246 is an unknown value
R12=0x0 is null
R13=0x0000000000000310 is an unknown value
R14=0x0 is null
R15=0x0 is null

Top of Stack: (sp=0x0000003d786fed60)
0x0000003d786fed60:   00007ff9880e7838 ffffffff9501130c   8x..............
0x0000003d786fed70:   0000000000000000 0000000000000000   ................
0x0000003d786fed80:   0000000000000000 00007ff98804786c   ........lx......
0x0000003d786fed90:   ffffffff9501130c 0000022f6882fe20   ........ ..h/...
0x0000003d786feda0:   0000022f689e4340 0000003d786ff0d8   @C.h/.....ox=...
0x0000003d786fedb0:   0000000000000000 00007ff988047916   .........y......
0x0000003d786fedc0:   0000022f6882fe20 00007ff987fb0000    ..h/...........
0x0000003d786fedd0:   0000003d786feec8 00007ff9d10e3a08   ..ox=....:......
0x0000003d786fede0:   0000000000000000 00007ff988044cff   .........L......
0x0000003d786fedf0:   0000022f6882fe20 0000000000000000    ..h/...........
0x0000003d786fee00:   00007ff988047df0 00007ff9e7d2787e   .}......~x......
0x0000003d786fee10:   0000000000000001 00007ff9e5e31089   ................
0x0000003d786fee20:   0000003d786feec0 0000000000000001   ..ox=...........
0x0000003d786fee30:   0000000000000000 0000003d786feec8   ..........ox=...
0x0000003d786fee40:   0000000000000000 0000000000000000   ................
0x0000003d786fee50:   0000000000000000 0000022f685f1a28   ........(._h/...
0x0000003d786fee60:   0000022f6882fec0 0000000000000000   ...h/...........
0x0000003d786fee70:   0000000000000000 00003fd0c6ab8a81   .............?..
0x0000003d786fee80:   0000000000000000 0000000000000000   ................
0x0000003d786fee90:   0000000000000000 0000000000000000   ................
0x0000003d786feea0:   0000000000000000 0000000000000310   ................
0x0000003d786feeb0:   0000000000000000 0000022f6882fe20   ........ ..h/...
0x0000003d786feec0:   0000022f6882fe20 00007ff98808fddc    ..h/...........
0x0000003d786feed0:   0000000000000000 0000cecbe509dbc3   ................
0x0000003d786feee0:   0000951d4964477b 0000000000000022   {GdI....".......
0x0000003d786feef0:   000000000000c1cb 0000000000000000   ................
0x0000003d786fef00:   0000000000000000 00007ff9e5e07ec9   .........~......
0x0000003d786fef10:   0000000000000000 0000000000000001   ................
0x0000003d786fef20:   0000000000000022 00007ff9e7d4dbcf   "...............
0x0000003d786fef30:   00000000000c0752 00007ff9e5e091aa   R...............
0x0000003d786fef40:   ffffffffffffffeb 00003fd0c6ab89a1   .............?..
0x0000003d786fef50:   0000022f0402e070 0000000000000000   p.../...........

Instructions: (pc=0x00007ff98808ba41)
  0x00007ff98808b941:   83 ec 28 66 0f 6e c2 0f 5b c0 f3 0f 59 41 48 0f
  0x00007ff98808b951:   5a c8 f2 0f 10 05 1d 32 03 00 f2 0f 5c 0d a5 32
  0x00007ff98808b961:   01 00 66 0f 2f c1 76 0a b8 00 00 00 80 48 83 c4
  0x00007ff98808b971:   28 c3 66 0f 2f 0d 25 7c 02 00 76 0a b8 ff ff ff
  0x00007ff98808b981:   7f 48 83 c4 28 c3 0f 28 c1 e8 cf fb 00 00 f2 0f
  0x00007ff98808b991:   2c c0 48 83 c4 28 c3 cc cc cc cc cc cc cc cc 48
  0x00007ff98808b9a1:   83 ec 28 66 0f 6e c2 0f 5b c0 f3 0f 59 41 4c 0f
  0x00007ff98808b9b1:   5a c8 f2 0f 10 05 bd 31 03 00 f2 0f 5c 0d 45 32
  0x00007ff98808b9c1:   01 00 66 0f 2f c1 76 0a b8 00 00 00 80 48 83 c4
  0x00007ff98808b9d1:   28 c3 66 0f 2f 0d c5 7b 02 00 76 0a b8 ff ff ff
  0x00007ff98808b9e1:   7f 48 83 c4 28 c3 0f 28 c1 e8 6f fb 00 00 f2 0f
  0x00007ff98808b9f1:   2c c0 48 83 c4 28 c3 cc cc cc cc cc cc cc cc 48
  0x00007ff98808ba01:   8b 49 08 48 85 c9 0f 85 e3 81 fe ff 33 c0 c3 48
  0x00007ff98808ba11:   89 5c 24 08 48 89 74 24 10 57 48 83 ec 20 8b fa
  0x00007ff98808ba21:   48 8b f1 e8 a7 c5 f4 ff 48 8b d8 48 89 44 24 40
  0x00007ff98808ba31:   41 b8 01 00 00 00 8b d7 48 8b c8 e8 0f c5 f4 ff
=>0x00007ff98808ba41:   48 8b 48 08 48 85 c9 74 0d 48 8b d6 e8 9e 81 fe
  0x00007ff98808ba51:   ff 48 8b f8 eb 02 33 ff 48 8b cb e8 2f c7 f4 ff
  0x00007ff98808ba61:   90 48 8b c7 48 8b 5c 24 30 48 8b 74 24 38 48 83
  0x00007ff98808ba71:   c4 20 5f c3 cc cc cc cc cc cc cc cc cc cc cc 48
  0x00007ff98808ba81:   8b 01 89 10 c3 cc cc cc cc cc cc cc cc cc cc 40
  0x00007ff98808ba91:   57 48 83 ec 40 48 83 79 38 00 48 8b f9 0f 84 96
  0x00007ff98808baa1:   01 00 00 48 8b 0d 7d 83 06 00 ba 02 00 01 00 48
  0x00007ff98808bab1:   89 5c 24 58 48 89 74 24 68 e8 70 c5 00 00 4c 8b
  0x00007ff98808bac1:   05 72 88 06 00 48 8b c8 48 8b 57 38 48 8b d8 4c
  0x00007ff98808bad1:   8b 08 41 ff 91 f8 02 00 00 48 8b f0 48 85 c0 0f
  0x00007ff98808bae1:   84 4a 01 00 00 4c 8b 0b 48 8b d0 4c 8b 05 35 88
  0x00007ff98808baf1:   06 00 48 8b cb 41 ff 91 00 01 00 00 84 c0 0f 84
  0x00007ff98808bb01:   2b 01 00 00 48 8b 7f 08 48 8b d6 48 8b 03 48 8b
  0x00007ff98808bb11:   cb 4c 8b 05 27 88 06 00 48 81 c7 00 04 00 00 48
  0x00007ff98808bb21:   89 6c 24 60 4c 89 64 24 38 ff 90 f8 02 00 00 4c
  0x00007ff98808bb31:   8b 0b 48 8b d6 4c 8b 05 0b 88 06 00 48 8b cb 4c


Stack slot to memory mapping:

stack at sp + 0 slots: 0x00007ff9880e7838 awt.dll
stack at sp + 1 slots: 0xffffffff9501130c is an unknown value
stack at sp + 2 slots: 0x0 is null
stack at sp + 3 slots: 0x0 is null
stack at sp + 4 slots: 0x0 is null
stack at sp + 5 slots: 0x00007ff98804786c awt.dll
stack at sp + 6 slots: 0xffffffff9501130c is an unknown value
stack at sp + 7 slots: 0x0000022f6882fe20 points into unknown readable memory: 0x00007ff9880ba860 | 60 a8 0b 88 f9 7f 00 00

Lock stack of current Java thread (top to bottom):

native method entry point (kind = native)  [0x0000022f15d6ca40, 0x0000022f15d6d478]  2616 bytes
[MachCode]
  0x0000022f15d6ca40: 488b 4b08 | 0fb7 492e | 584c 8d74 | ccf8 6800 | 0000 0068 | 0000 0000 | 5055 488b | ec41 5568 
  0x0000022f15d6ca60: 0000 0000 | 4c8b 6b08 | 4d8d 6d38 | 5348 8b53 | 0848 8b52 | 0848 8b52 | 1848 8b52 | 7048 8b12 
  0x0000022f15d6ca80: 5248 8b53 | 1048 85d2 | 0f84 0700 | 0000 4881 | c208 0100 | 0052 488b | 5308 488b | 5208 488b 
  0x0000022f15d6caa0: 5210 5249 | 8bc6 482b | c548 c1e8 | 0350 6800 | 0000 0068 | f7ff ffff | 41c6 8771 | 0400 0001 
  0x0000022f15d6cac0: 488b 4310 | 4885 c074 | 208b 88cc | 0000 0083 | c102 8988 | cc00 0000 | 2388 e000 | 0000 0f84 
  0x0000022f15d6cae0: e408 0000 | e9cd 0000 | 0048 8b43 | 1848 85c0 | 0f85 b000 | 0000 e805 | 0000 00e9 | 9900 0000 
  0x0000022f15d6cb00: 488b d348 | 8d44 2408 | 4c89 6dc0 | 498b cfc5 | f877 4989 | afb8 0300 | 0049 8987 | a803 0000 
  0x0000022f15d6cb20: 4883 ec20 | 40f6 c40f | 0f84 1900 | 0000 4883 | ec08 48b8 | 2016 a13e | f97f 0000 | ffd0 4883 
  0x0000022f15d6cb40: c408 e90c | 0000 0048 | b820 16a1 | 3ef9 7f00 | 00ff d048 | 83c4 2049 | c787 a803 | 0000 0000 
  0x0000022f15d6cb60: 0000 49c7 | 87b8 0300 | 0000 0000 | 0049 c787 | b003 0000 | 0000 0000 | c5f8 7749 | 837f 0800 
  0x0000022f15d6cb80: 0f84 0500 | 0000 e935 | 43ff ff4c | 8b6d c04c | 8b75 c84e | 8d74 f500 | c348 8b43 | 1848 85c0 
  0x0000022f15d6cba0: 0f84 1000 | 0000 8b08 | 83c1 0289 | 0823 4814 | 0f84 1208 | 0000 493b | a7f0 0400 | 000f 8748 
  0x0000022f15d6cbc0: 0000 0089 | 8424 00f0 | ffff 8984 | 2400 e0ff | ff89 8424 | 00d0 ffff | 8984 2400 | c0ff ff89 
  0x0000022f15d6cbe0: 8424 00b0 | ffff 8984 | 2400 a0ff | ff89 8424 | 0090 ffff | 8984 2400 | 80ff ff49 | 3ba7 e804 
  0x0000022f15d6cc00: 0000 7607 | 4989 a7f0 | 0400 0041 | c687 7104 | 0000 0048 | 8b5d e84c | 8b5b 0845 | 0fb7 5b2e 
  0x0000022f15d6cc20: 41c1 e303 | 492b e348 | 83ec 2048 | 83e4 f04c | 8b5b 604d | 85db 0f85 | ab00 0000 | e805 0000 
  0x0000022f15d6cc40: 00e9 9900 | 0000 488b | d348 8d44 | 2408 4c89 | 6dc0 498b | cfc5 f877 | 4989 afb8 | 0300 0049 
  0x0000022f15d6cc60: 8987 a803 | 0000 4883 | ec20 40f6 | c40f 0f84 | 1900 0000 | 4883 ec08 | 48b8 4040 | a13e f97f 
  0x0000022f15d6cc80: 0000 ffd0 | 4883 c408 | e90c 0000 | 0048 b840 | 40a1 3ef9 | 7f00 00ff | d048 83c4 | 2049 c787 
  0x0000022f15d6cca0: a803 0000 | 0000 0000 | 49c7 87b8 | 0300 0000 | 0000 0049 | c787 b003 | 0000 0000 | 0000 c5f8 
  0x0000022f15d6ccc0: 7749 837f | 0800 0f84 | 0500 0000 | e9ef 41ff | ff4c 8b6d | c04c 8b75 | c84e 8d74 | f500 c348 
  0x0000022f15d6cce0: 8b5d e84c | 8b5b 6041 | ffd3 488b | 5de8 4889 | 4518 448b | 5b28 41f6 | c308 0f84 | 1b00 0000 
  0x0000022f15d6cd00: 4c8b 5b08 | 4d8b 5b08 | 4d8b 5b18 | 4d8b 5b70 | 4d8b 1b4c | 895d 1048 | 8d55 1048 | 8b43 5849 
  0x0000022f15d6cd20: ba60 88da | 3ef9 7f00 | 0049 3bc2 | 0f85 ab00 | 0000 e805 | 0000 00e9 | 9900 0000 | 488b d348 
  0x0000022f15d6cd40: 8d44 2408 | 4c89 6dc0 | 498b cfc5 | f877 4989 | afb8 0300 | 0049 8987 | a803 0000 | 4883 ec20 
  0x0000022f15d6cd60: 40f6 c40f | 0f84 1900 | 0000 4883 | ec08 48b8 | 4040 a13e | f97f 0000 | ffd0 4883 | c408 e90c 
  0x0000022f15d6cd80: 0000 0048 | b840 40a1 | 3ef9 7f00 | 00ff d048 | 83c4 2049 | c787 a803 | 0000 0000 | 0000 49c7 
  0x0000022f15d6cda0: 87b8 0300 | 0000 0000 | 0049 c787 | b003 0000 | 0000 0000 | c5f8 7749 | 837f 0800 | 0f84 0500 
  0x0000022f15d6cdc0: 0000 e9f9 | 40ff ff4c | 8b6d c04c | 8b75 c84e | 8d74 f500 | c348 8b5d | e848 8b43 | 5849 8d8f 
  0x0000022f15d6cde0: c803 0000 | 4c8d 15d5 | 0000 004d | 8997 b003 | 0000 c5f8 | 7749 89af | b803 0000 | 4989 a7a8 
  0x0000022f15d6ce00: 0300 0041 | c787 5404 | 0000 0400 | 0000 493b | a748 0500 | 0076 0749 | 89a7 4805 | 0000 ffd0 
  0x0000022f15d6ce20: 493b a748 | 0500 0072 | 0b49 c787 | 4805 0000 | 0000 0000 | c5f8 7748 | 83ec 10c5 | fb11 0424 
  0x0000022f15d6ce40: 4883 ec10 | 4889 0424 | 48c7 4424 | 0800 0000 | 0041 c787 | 5404 0000 | 0500 0000 | f083 4424 
  0x0000022f15d6ce60: c000 493b | 6f28 0f87 | 0e00 0000 | 4183 bf50 | 0400 0000 | 0f84 2000 | 0000 498b | cf4c 8be4 
  0x0000022f15d6ce80: 4883 ec20 | 4883 e4f0 | 48b8 30a5 | a23e f97f | 0000 ffd0 | 498b e44d | 33e4 41c7 | 8754 0400 
  0x0000022f15d6cea0: 0008 0000 | 004d 8b97 | 7005 0000 | 4983 fa00 | 7435 49c7 | 8770 0500 | 0000 0000 | 0041 ffe2 
  0x0000022f15d6cec0: 49ba 00bb | d615 2f02 | 0000 41ff | d248 83ec | 10c5 fb11 | 0424 4883 | ec10 4889 | 0424 48c7 
  0x0000022f15d6cee0: 4424 0800 | 0000 0049 | c787 a803 | 0000 0000 | 0000 49c7 | 87b8 0300 | 0000 0000 | 0049 c787 
  0x0000022f15d6cf00: b003 0000 | 0000 0000 | c5f8 774d | 8b9f 3804 | 0000 41c7 | 8300 0100 | 0000 0000 | 0049 bb3a 
  0x0000022f15d6cf20: a4d6 152f | 0200 004c | 3b5d 180f | 8555 0100 | 0048 8b04 | 2448 83c4 | 1048 85c0 | 0f84 2f01 
  0x0000022f15d6cf40: 0000 a803 | 0f85 0800 | 0000 488b | 00e9 1f01 | 0000 a801 | 0f85 0900 | 0000 488b | 40fe e90e 
  0x0000022f15d6cf60: 0100 0048 | 8b40 ff41 | 807f 4800 | 0f84 ff00 | 0000 4883 | f800 0f84 | f500 0000 | 4d8b 5f38 
  0x0000022f15d6cf80: 4d85 db0f | 8414 0000 | 0049 83eb | 084d 895f | 384d 035f | 4049 8903 | e9d4 0000 | 0048 83ec 
  0x0000022f15d6cfa0: 7048 8904 | 2448 894c | 2408 4889 | 5424 104c | 8944 2418 | 4c89 4c24 | 204c 8954 | 2428 4c89 
  0x0000022f15d6cfc0: 5c24 30c5 | fb11 4424 | 40c5 fb11 | 4c24 48c5 | fb11 5424 | 50c5 fb11 | 5c24 58c5 | fb11 6424 
  0x0000022f15d6cfe0: 60c5 fb11 | 6c24 6849 | 8bd7 488b | c848 83ec | 2040 f6c4 | 0f0f 8419 | 0000 0048 | 83ec 0848 
  0x0000022f15d6d000: b890 1895 | 3ef9 7f00 | 00ff d048 | 83c4 08e9 | 0c00 0000 | 48b8 9018 | 953e f97f | 0000 ffd0 
  0x0000022f15d6d020: 4883 c420 | c5fb 106c | 2468 c5fb | 1064 2460 | c5fb 105c | 2458 c5fb | 1054 2450 | c5fb 104c 
  0x0000022f15d6d040: 2448 c5fb | 1044 2440 | 4c8b 5c24 | 304c 8b54 | 2428 4c8b | 4c24 204c | 8b44 2418 | 488b 5424 
  0x0000022f15d6d060: 1048 8b4c | 2408 488b | 0424 4883 | c470 c5f8 | 7748 8945 | 1048 83ec | 1048 8904 | 2448 c744 
  0x0000022f15d6d080: 2408 0000 | 0000 4183 | bfd0 0400 | 0002 0f85 | bf00 0000 | 4881 ec80 | 0000 0048 | 8944 2478 
  0x0000022f15d6d0a0: 4889 4c24 | 7048 8954 | 2468 4889 | 5c24 6048 | 896c 2450 | 4889 7424 | 4848 897c | 2440 4c89 
  0x0000022f15d6d0c0: 4424 384c | 894c 2430 | 4c89 5424 | 284c 895c | 2420 4c89 | 6424 184c | 896c 2410 | 4c89 7424 
  0x0000022f15d6d0e0: 084c 893c | 244c 8be4 | 4883 ec20 | 4883 e4f0 | 48b8 5070 | da3e f97f | 0000 ffd0 | 498b e44c 
  0x0000022f15d6d100: 8b3c 244c | 8b74 2408 | 4c8b 6c24 | 104c 8b64 | 2418 4c8b | 5c24 204c | 8b54 2428 | 4c8b 4c24 
  0x0000022f15d6d120: 304c 8b44 | 2438 488b | 7c24 4048 | 8b74 2448 | 488b 6c24 | 5048 8b5c | 2460 488b | 5424 6848 
  0x0000022f15d6d140: 8b4c 2470 | 488b 4424 | 7848 81c4 | 8000 0000 | 4d33 e448 | 8b5d e84c | 8b6b 084d | 8d6d 3849 
  0x0000022f15d6d160: 837f 0800 | 0f84 bb00 | 0000 e805 | 0000 00e9 | 9600 0000 | 488d 4424 | 084c 896d | c049 8bcf 
  0x0000022f15d6d180: c5f8 7749 | 89af b803 | 0000 4989 | 87a8 0300 | 0048 83ec | 2040 f6c4 | 0f0f 8419 | 0000 0048 
  0x0000022f15d6d1a0: 83ec 0848 | b8e0 5ea1 | 3ef9 7f00 | 00ff d048 | 83c4 08e9 | 0c00 0000 | 48b8 e05e | a13e f97f 
  0x0000022f15d6d1c0: 0000 ffd0 | 4883 c420 | 49c7 87a8 | 0300 0000 | 0000 0049 | c787 b803 | 0000 0000 | 0000 49c7 
  0x0000022f15d6d1e0: 87b0 0300 | 0000 0000 | 00c5 f877 | 4983 7f08 | 000f 8405 | 0000 00e9 | c43c ffff | 4c8b 6dc0 
  0x0000022f15d6d200: 4c8b 75c8 | 4e8d 74f5 | 00c3 48b9 | e034 0a3f | f97f 0000 | 4883 e4f0 | 48b8 d08d | c73e f97f 
  0x0000022f15d6d220: 0000 ffd0 | f444 8b5b | 2841 f6c3 | 200f 8472 | 0100 0048 | 8d55 a84c | 8b5a 084d | 85db 0f85 
  0x0000022f15d6d240: bb00 0000 | e805 0000 | 00e9 9600 | 0000 488d | 4424 084c | 896d c049 | 8bcf c5f8 | 7749 89af 
  0x0000022f15d6d260: b803 0000 | 4989 87a8 | 0300 0048 | 83ec 2040 | f6c4 0f0f | 8419 0000 | 0048 83ec | 0848 b810 
  0x0000022f15d6d280: 5ea1 3ef9 | 7f00 00ff | d048 83c4 | 08e9 0c00 | 0000 48b8 | 105e a13e | f97f 0000 | ffd0 4883 
  0x0000022f15d6d2a0: c420 49c7 | 87a8 0300 | 0000 0000 | 0049 c787 | b803 0000 | 0000 0000 | 49c7 87b0 | 0300 0000 
  0x0000022f15d6d2c0: 0000 00c5 | f877 4983 | 7f08 000f | 8405 0000 | 00e9 ea3b | ffff 4c8b | 6dc0 4c8b | 75c8 4e8d 
  0x0000022f15d6d2e0: 74f5 00c3 | 48b9 e034 | 0a3f f97f | 0000 4883 | e4f0 48b8 | d08d c73e | f97f 0000 | ffd0 f44c 
  0x0000022f15d6d300: 896d c04c | 8b4a 0848 | c742 0800 | 0000 0045 | 8b87 5806 | 0000 4f3b | 4c07 f80f | 8542 0000 
  0x0000022f15d6d320: 0041 83af | 5806 0000 | 084f 3b4c | 07f0 0f84 | 2a00 0000 | 498b 01a8 | 020f 8512 | 0000 004c 
  0x0000022f15d6d340: 8bc0 4983 | c801 f04d | 0fb1 010f | 840d 0000 | 0041 8387 | 5806 0000 | 08e9 0500 | 0000 e93e 
  0x0000022f15d6d360: 0000 004c | 894a 0848 | 8bca 4883 | ec20 40f6 | c40f 0f84 | 1900 0000 | 4883 ec08 | 48b8 3030 
  0x0000022f15d6d380: a13e f97f | 0000 ffd0 | 4883 c408 | e90c 0000 | 0048 b830 | 30a1 3ef9 | 7f00 00ff | d048 83c4 
  0x0000022f15d6d3a0: 204c 8b6d | c048 8b04 | 2448 83c4 | 10c5 fb10 | 0424 4883 | c410 4c8b | 5d18 41ff | d34c 8b5d 
  0x0000022f15d6d3c0: f8c9 5f49 | 8be3 ffe7 | ba00 0000 | 00e8 0500 | 0000 e996 | 0000 0048 | 8d44 2408 | 4c89 6dc0 
  0x0000022f15d6d3e0: 498b cfc5 | f877 4989 | afb8 0300 | 0049 8987 | a803 0000 | 4883 ec20 | 40f6 c40f | 0f84 1900 
  0x0000022f15d6d400: 0000 4883 | ec08 48b8 | e024 a13e | f97f 0000 | ffd0 4883 | c408 e90c | 0000 0048 | b8e0 24a1 
  0x0000022f15d6d420: 3ef9 7f00 | 00ff d048 | 83c4 2049 | c787 a803 | 0000 0000 | 0000 49c7 | 87b8 0300 | 0000 0000 
  0x0000022f15d6d440: 0049 c787 | b003 0000 | 0000 0000 | c5f8 7749 | 837f 0800 | 0f84 0500 | 0000 e961 | 3aff ff4c 
  0x0000022f15d6d460: 8b6d c04c | 8b75 c84e | 8d74 f500 | c348 8b5d | e8e9 40f7 | ffff 6690 
[/MachCode]

---------------  P R O C E S S  ---------------

Threads class SMR info:
_java_thread_list=0x0000022f6a510120, length=17, elements={
0x0000022f22d40040, 0x0000022f22d40780, 0x0000022f22d412b0, 0x0000022f22d41de0,
0x0000022f22d42a40, 0x0000022f22d456f0, 0x0000022f22d448b0, 0x0000022f22d66320,
0x0000022f68074a80, 0x0000022f68084bd0, 0x0000022f687e03d0, 0x0000022f685f0f20,
0x0000022f685f1660, 0x0000022f68855510, 0x0000022f03980f10, 0x0000022f689c0990,
0x0000022f689c81e0
}

Java Threads: ( => current thread )
  0x0000022f22d40040 JavaThread "Reference Handler"          daemon [_thread_blocked, id=24208, stack(0x0000003d77a00000,0x0000003d77b00000) (1024K)]
  0x0000022f22d40780 JavaThread "Finalizer"                  daemon [_thread_blocked, id=20580, stack(0x0000003d77b00000,0x0000003d77c00000) (1024K)]
  0x0000022f22d412b0 JavaThread "Signal Dispatcher"          daemon [_thread_blocked, id=12940, stack(0x0000003d77c00000,0x0000003d77d00000) (1024K)]
  0x0000022f22d41de0 JavaThread "Attach Listener"            daemon [_thread_blocked, id=13820, stack(0x0000003d77d00000,0x0000003d77e00000) (1024K)]
  0x0000022f22d42a40 JavaThread "Service Thread"             daemon [_thread_blocked, id=25712, stack(0x0000003d77e00000,0x0000003d77f00000) (1024K)]
  0x0000022f22d456f0 JavaThread "Monitor Deflation Thread"   daemon [_thread_blocked, id=4624, stack(0x0000003d77f00000,0x0000003d78000000) (1024K)]
  0x0000022f22d448b0 JavaThread "C2 CompilerThread0"         daemon [_thread_blocked, id=22232, stack(0x0000003d78000000,0x0000003d78100000) (1024K)]
  0x0000022f22d66320 JavaThread "C1 CompilerThread0"         daemon [_thread_blocked, id=20452, stack(0x0000003d78100000,0x0000003d78200000) (1024K)]
  0x0000022f68074a80 JavaThread "Notification Thread"        daemon [_thread_blocked, id=11716, stack(0x0000003d78200000,0x0000003d78300000) (1024K)]
  0x0000022f68084bd0 JavaThread "Common-Cleaner"             daemon [_thread_blocked, id=13804, stack(0x0000003d78300000,0x0000003d78400000) (1024K)]
  0x0000022f687e03d0 JavaThread "Java2D Disposer"            daemon [_thread_blocked, id=19216, stack(0x0000003d78400000,0x0000003d78500000) (1024K)]
  0x0000022f685f0f20 JavaThread "AWT-Shutdown"                      [_thread_blocked, id=1548, stack(0x0000003d78500000,0x0000003d78600000) (1024K)]
=>0x0000022f685f1660 JavaThread "AWT-Windows"                daemon [_thread_in_native, id=24516, stack(0x0000003d78600000,0x0000003d78700000) (1024K)]
  0x0000022f68855510 JavaThread "AWT-EventQueue-0"                  [_thread_blocked, id=20488, stack(0x0000003d78700000,0x0000003d78800000) (1024K)]
  0x0000022f03980f10 JavaThread "DestroyJavaVM"                     [_thread_blocked, id=2600, stack(0x0000003d77200000,0x0000003d77300000) (1024K)]
  0x0000022f689c0990 JavaThread "TimerQueue"                 daemon [_thread_blocked, id=9692, stack(0x0000003d78e00000,0x0000003d78f00000) (1024K)]
  0x0000022f689c81e0 JavaThread "mysql-cj-abandoned-connection-cleanup" daemon [_thread_blocked, id=516, stack(0x0000003d78f00000,0x0000003d79000000) (1024K)]
Total: 17

Other Threads:
  0x0000022f22d2e300 VMThread "VM Thread"                           [id=17752, stack(0x0000003d77900000,0x0000003d77a00000) (1024K)]
  0x0000022f22d19650 WatcherThread "VM Periodic Task Thread"        [id=9576, stack(0x0000003d77800000,0x0000003d77900000) (1024K)]
  0x0000022f05d847f0 WorkerThread "GC Thread#0"                     [id=4768, stack(0x0000003d77300000,0x0000003d77400000) (1024K)]
  0x0000022f05d99390 ConcurrentGCThread "G1 Main Marker"            [id=18788, stack(0x0000003d77400000,0x0000003d77500000) (1024K)]
  0x0000022f05d99ea0 WorkerThread "G1 Conc#0"                       [id=23872, stack(0x0000003d77500000,0x0000003d77600000) (1024K)]
  0x0000022f05deeb40 ConcurrentGCThread "G1 Refine#0"               [id=24632, stack(0x0000003d77600000,0x0000003d77700000) (1024K)]
  0x0000022f22be5b80 ConcurrentGCThread "G1 Service"                [id=8272, stack(0x0000003d77700000,0x0000003d77800000) (1024K)]
Total: 7

Threads with active compile tasks:
Total: 0

VM state: not at safepoint (normal execution)

VM Mutex/Monitor currently owned by a thread: None

Heap address: 0x0000000081e00000, size: 2018 MB, Compressed Oops mode: 32-bit

CDS archive(s) mapped at: [0x0000022f23000000-0x0000022f23d40000-0x0000022f23d40000), size 13893632, SharedBaseAddress: 0x0000022f23000000, ArchiveRelocationMode: 1.
Compressed class space mapped at: 0x0000022f24000000-0x0000022f64000000, reserved size: 1073741824
UseCompressedClassPointers 1, UseCompactObjectHeaders 0
Narrow klass pointer bits 32, Max shift 3
Narrow klass base: 0x0000022f23000000, Narrow klass shift: 0
Encoding Range: [0x0000022f23000000 - 0x0000023023000000), (4294967296 bytes)
Klass Range:    [0x0000022f23000000 - 0x0000022f64000000), (1090519040 bytes)
Klass ID Range:  [8 - 1090519033) (1090519025)

GC Precious Log:
 CardTable entry size: 512
 Card Set container configuration: InlinePtr #cards 5 size 8 Array Of Cards #cards 10 size 36 Howl #buckets 4 coarsen threshold 1843 Howl Bitmap #cards 512 size 80 coarsen threshold 460 Card regions per heap region 1 cards per card region 2048
 CPUs: 8 total, 8 available
 Memory: 8065M
 Large Page Support: Disabled
 NUMA Support: Disabled
 Compressed Oops: Enabled (32-bit)
 Heap Region Size: 1M
 Heap Min Capacity: 8M
 Heap Initial Capacity: 128M
 Heap Max Capacity: 2018M
 Pre-touch: Disabled
 Parallel Workers: 8
 Concurrent Workers: 2
 Concurrent Refinement Workers: 8
 Periodic GC: Disabled

Heap:
 garbage-first heap   total reserved 2066432K, committed 133120K, used 34928K [0x0000000081e00000, 0x0000000100000000)
  region size 1024K, 32 young (32768K), 0 survivors (0K)
 Metaspace       used 20112K, committed 20416K, reserved 1114112K
  class space    used 1994K, committed 2112K, reserved 1048576K

Heap Regions: E=young(eden), S=young(survivor), O=old, HS=humongous(starts), HC=humongous(continues), CS=collection set, F=free, TAMS=top-at-mark-start, PB=parsable bottom
|   0|0x0000000081e00000, 0x0000000081f00000, 0x0000000081f00000|100%|HS|  |TAMS 0x0000000081e00000| PB 0x0000000081e00000| Complete |  0
|   1|0x0000000081f00000, 0x0000000082000000, 0x0000000082000000|100%|HC|  |TAMS 0x0000000081f00000| PB 0x0000000081f00000| Complete |  0
|   2|0x0000000082000000, 0x0000000082000000, 0x0000000082100000|  0%| F|  |TAMS 0x0000000082000000| PB 0x0000000082000000| Untracked |  0
|   3|0x0000000082100000, 0x0000000082100000, 0x0000000082200000|  0%| F|  |TAMS 0x0000000082100000| PB 0x0000000082100000| Untracked |  0
|   4|0x0000000082200000, 0x0000000082200000, 0x0000000082300000|  0%| F|  |TAMS 0x0000000082200000| PB 0x0000000082200000| Untracked |  0
|   5|0x0000000082300000, 0x0000000082300000, 0x0000000082400000|  0%| F|  |TAMS 0x0000000082300000| PB 0x0000000082300000| Untracked |  0
|   6|0x0000000082400000, 0x0000000082400000, 0x0000000082500000|  0%| F|  |TAMS 0x0000000082400000| PB 0x0000000082400000| Untracked |  0
|   7|0x0000000082500000, 0x0000000082500000, 0x0000000082600000|  0%| F|  |TAMS 0x0000000082500000| PB 0x0000000082500000| Untracked |  0
|   8|0x0000000082600000, 0x0000000082600000, 0x0000000082700000|  0%| F|  |TAMS 0x0000000082600000| PB 0x0000000082600000| Untracked |  0
|   9|0x0000000082700000, 0x0000000082700000, 0x0000000082800000|  0%| F|  |TAMS 0x0000000082700000| PB 0x0000000082700000| Untracked |  0
|  10|0x0000000082800000, 0x0000000082800000, 0x0000000082900000|  0%| F|  |TAMS 0x0000000082800000| PB 0x0000000082800000| Untracked |  0
|  11|0x0000000082900000, 0x0000000082900000, 0x0000000082a00000|  0%| F|  |TAMS 0x0000000082900000| PB 0x0000000082900000| Untracked |  0
|  12|0x0000000082a00000, 0x0000000082a00000, 0x0000000082b00000|  0%| F|  |TAMS 0x0000000082a00000| PB 0x0000000082a00000| Untracked |  0
|  13|0x0000000082b00000, 0x0000000082b00000, 0x0000000082c00000|  0%| F|  |TAMS 0x0000000082b00000| PB 0x0000000082b00000| Untracked |  0
|  14|0x0000000082c00000, 0x0000000082c00000, 0x0000000082d00000|  0%| F|  |TAMS 0x0000000082c00000| PB 0x0000000082c00000| Untracked |  0
|  15|0x0000000082d00000, 0x0000000082d00000, 0x0000000082e00000|  0%| F|  |TAMS 0x0000000082d00000| PB 0x0000000082d00000| Untracked |  0
|  16|0x0000000082e00000, 0x0000000082e00000, 0x0000000082f00000|  0%| F|  |TAMS 0x0000000082e00000| PB 0x0000000082e00000| Untracked |  0
|  17|0x0000000082f00000, 0x0000000082f00000, 0x0000000083000000|  0%| F|  |TAMS 0x0000000082f00000| PB 0x0000000082f00000| Untracked |  0
|  18|0x0000000083000000, 0x0000000083000000, 0x0000000083100000|  0%| F|  |TAMS 0x0000000083000000| PB 0x0000000083000000| Untracked |  0
|  19|0x0000000083100000, 0x0000000083100000, 0x0000000083200000|  0%| F|  |TAMS 0x0000000083100000| PB 0x0000000083100000| Untracked |  0
|  20|0x0000000083200000, 0x0000000083200000, 0x0000000083300000|  0%| F|  |TAMS 0x0000000083200000| PB 0x0000000083200000| Untracked |  0
|  21|0x0000000083300000, 0x0000000083300000, 0x0000000083400000|  0%| F|  |TAMS 0x0000000083300000| PB 0x0000000083300000| Untracked |  0
|  22|0x0000000083400000, 0x0000000083400000, 0x0000000083500000|  0%| F|  |TAMS 0x0000000083400000| PB 0x0000000083400000| Untracked |  0
|  23|0x0000000083500000, 0x0000000083500000, 0x0000000083600000|  0%| F|  |TAMS 0x0000000083500000| PB 0x0000000083500000| Untracked |  0
|  24|0x0000000083600000, 0x0000000083600000, 0x0000000083700000|  0%| F|  |TAMS 0x0000000083600000| PB 0x0000000083600000| Untracked |  0
|  25|0x0000000083700000, 0x0000000083700000, 0x0000000083800000|  0%| F|  |TAMS 0x0000000083700000| PB 0x0000000083700000| Untracked |  0
|  26|0x0000000083800000, 0x0000000083800000, 0x0000000083900000|  0%| F|  |TAMS 0x0000000083800000| PB 0x0000000083800000| Untracked |  0
|  27|0x0000000083900000, 0x0000000083900000, 0x0000000083a00000|  0%| F|  |TAMS 0x0000000083900000| PB 0x0000000083900000| Untracked |  0
|  28|0x0000000083a00000, 0x0000000083a00000, 0x0000000083b00000|  0%| F|  |TAMS 0x0000000083a00000| PB 0x0000000083a00000| Untracked |  0
|  29|0x0000000083b00000, 0x0000000083b00000, 0x0000000083c00000|  0%| F|  |TAMS 0x0000000083b00000| PB 0x0000000083b00000| Untracked |  0
|  30|0x0000000083c00000, 0x0000000083c00000, 0x0000000083d00000|  0%| F|  |TAMS 0x0000000083c00000| PB 0x0000000083c00000| Untracked |  0
|  31|0x0000000083d00000, 0x0000000083d00000, 0x0000000083e00000|  0%| F|  |TAMS 0x0000000083d00000| PB 0x0000000083d00000| Untracked |  0
|  32|0x0000000083e00000, 0x0000000083e00000, 0x0000000083f00000|  0%| F|  |TAMS 0x0000000083e00000| PB 0x0000000083e00000| Untracked |  0
|  33|0x0000000083f00000, 0x0000000083f00000, 0x0000000084000000|  0%| F|  |TAMS 0x0000000083f00000| PB 0x0000000083f00000| Untracked |  0
|  34|0x0000000084000000, 0x0000000084000000, 0x0000000084100000|  0%| F|  |TAMS 0x0000000084000000| PB 0x0000000084000000| Untracked |  0
|  35|0x0000000084100000, 0x0000000084100000, 0x0000000084200000|  0%| F|  |TAMS 0x0000000084100000| PB 0x0000000084100000| Untracked |  0
|  36|0x0000000084200000, 0x0000000084200000, 0x0000000084300000|  0%| F|  |TAMS 0x0000000084200000| PB 0x0000000084200000| Untracked |  0
|  37|0x0000000084300000, 0x0000000084300000, 0x0000000084400000|  0%| F|  |TAMS 0x0000000084300000| PB 0x0000000084300000| Untracked |  0
|  38|0x0000000084400000, 0x0000000084400000, 0x0000000084500000|  0%| F|  |TAMS 0x0000000084400000| PB 0x0000000084400000| Untracked |  0
|  39|0x0000000084500000, 0x0000000084500000, 0x0000000084600000|  0%| F|  |TAMS 0x0000000084500000| PB 0x0000000084500000| Untracked |  0
|  40|0x0000000084600000, 0x0000000084600000, 0x0000000084700000|  0%| F|  |TAMS 0x0000000084600000| PB 0x0000000084600000| Untracked |  0
|  41|0x0000000084700000, 0x0000000084700000, 0x0000000084800000|  0%| F|  |TAMS 0x0000000084700000| PB 0x0000000084700000| Untracked |  0
|  42|0x0000000084800000, 0x0000000084800000, 0x0000000084900000|  0%| F|  |TAMS 0x0000000084800000| PB 0x0000000084800000| Untracked |  0
|  43|0x0000000084900000, 0x0000000084900000, 0x0000000084a00000|  0%| F|  |TAMS 0x0000000084900000| PB 0x0000000084900000| Untracked |  0
|  44|0x0000000084a00000, 0x0000000084a00000, 0x0000000084b00000|  0%| F|  |TAMS 0x0000000084a00000| PB 0x0000000084a00000| Untracked |  0
|  45|0x0000000084b00000, 0x0000000084b00000, 0x0000000084c00000|  0%| F|  |TAMS 0x0000000084b00000| PB 0x0000000084b00000| Untracked |  0
|  46|0x0000000084c00000, 0x0000000084c00000, 0x0000000084d00000|  0%| F|  |TAMS 0x0000000084c00000| PB 0x0000000084c00000| Untracked |  0
|  47|0x0000000084d00000, 0x0000000084d00000, 0x0000000084e00000|  0%| F|  |TAMS 0x0000000084d00000| PB 0x0000000084d00000| Untracked |  0
|  48|0x0000000084e00000, 0x0000000084e00000, 0x0000000084f00000|  0%| F|  |TAMS 0x0000000084e00000| PB 0x0000000084e00000| Untracked |  0
|  49|0x0000000084f00000, 0x0000000084f00000, 0x0000000085000000|  0%| F|  |TAMS 0x0000000084f00000| PB 0x0000000084f00000| Untracked |  0
|  50|0x0000000085000000, 0x0000000085000000, 0x0000000085100000|  0%| F|  |TAMS 0x0000000085000000| PB 0x0000000085000000| Untracked |  0
|  51|0x0000000085100000, 0x0000000085100000, 0x0000000085200000|  0%| F|  |TAMS 0x0000000085100000| PB 0x0000000085100000| Untracked |  0
|  52|0x0000000085200000, 0x0000000085200000, 0x0000000085300000|  0%| F|  |TAMS 0x0000000085200000| PB 0x0000000085200000| Untracked |  0
|  53|0x0000000085300000, 0x0000000085300000, 0x0000000085400000|  0%| F|  |TAMS 0x0000000085300000| PB 0x0000000085300000| Untracked |  0
|  54|0x0000000085400000, 0x0000000085400000, 0x0000000085500000|  0%| F|  |TAMS 0x0000000085400000| PB 0x0000000085400000| Untracked |  0
|  55|0x0000000085500000, 0x0000000085500000, 0x0000000085600000|  0%| F|  |TAMS 0x0000000085500000| PB 0x0000000085500000| Untracked |  0
|  56|0x0000000085600000, 0x0000000085600000, 0x0000000085700000|  0%| F|  |TAMS 0x0000000085600000| PB 0x0000000085600000| Untracked |  0
|  57|0x0000000085700000, 0x0000000085700000, 0x0000000085800000|  0%| F|  |TAMS 0x0000000085700000| PB 0x0000000085700000| Untracked |  0
|  58|0x0000000085800000, 0x0000000085800000, 0x0000000085900000|  0%| F|  |TAMS 0x0000000085800000| PB 0x0000000085800000| Untracked |  0
|  59|0x0000000085900000, 0x0000000085900000, 0x0000000085a00000|  0%| F|  |TAMS 0x0000000085900000| PB 0x0000000085900000| Untracked |  0
|  60|0x0000000085a00000, 0x0000000085a00000, 0x0000000085b00000|  0%| F|  |TAMS 0x0000000085a00000| PB 0x0000000085a00000| Untracked |  0
|  61|0x0000000085b00000, 0x0000000085b00000, 0x0000000085c00000|  0%| F|  |TAMS 0x0000000085b00000| PB 0x0000000085b00000| Untracked |  0
|  62|0x0000000085c00000, 0x0000000085c00000, 0x0000000085d00000|  0%| F|  |TAMS 0x0000000085c00000| PB 0x0000000085c00000| Untracked |  0
|  63|0x0000000085d00000, 0x0000000085d00000, 0x0000000085e00000|  0%| F|  |TAMS 0x0000000085d00000| PB 0x0000000085d00000| Untracked |  0
|  64|0x0000000085e00000, 0x0000000085e00000, 0x0000000085f00000|  0%| F|  |TAMS 0x0000000085e00000| PB 0x0000000085e00000| Untracked |  0
|  65|0x0000000085f00000, 0x0000000085f00000, 0x0000000086000000|  0%| F|  |TAMS 0x0000000085f00000| PB 0x0000000085f00000| Untracked |  0
|  66|0x0000000086000000, 0x0000000086000000, 0x0000000086100000|  0%| F|  |TAMS 0x0000000086000000| PB 0x0000000086000000| Untracked |  0
|  67|0x0000000086100000, 0x0000000086100000, 0x0000000086200000|  0%| F|  |TAMS 0x0000000086100000| PB 0x0000000086100000| Untracked |  0
|  68|0x0000000086200000, 0x0000000086200000, 0x0000000086300000|  0%| F|  |TAMS 0x0000000086200000| PB 0x0000000086200000| Untracked |  0
|  69|0x0000000086300000, 0x0000000086300000, 0x0000000086400000|  0%| F|  |TAMS 0x0000000086300000| PB 0x0000000086300000| Untracked |  0
|  70|0x0000000086400000, 0x0000000086400000, 0x0000000086500000|  0%| F|  |TAMS 0x0000000086400000| PB 0x0000000086400000| Untracked |  0
|  71|0x0000000086500000, 0x0000000086500000, 0x0000000086600000|  0%| F|  |TAMS 0x0000000086500000| PB 0x0000000086500000| Untracked |  0
|  72|0x0000000086600000, 0x0000000086600000, 0x0000000086700000|  0%| F|  |TAMS 0x0000000086600000| PB 0x0000000086600000| Untracked |  0
|  73|0x0000000086700000, 0x0000000086700000, 0x0000000086800000|  0%| F|  |TAMS 0x0000000086700000| PB 0x0000000086700000| Untracked |  0
|  74|0x0000000086800000, 0x0000000086800000, 0x0000000086900000|  0%| F|  |TAMS 0x0000000086800000| PB 0x0000000086800000| Untracked |  0
|  75|0x0000000086900000, 0x0000000086900000, 0x0000000086a00000|  0%| F|  |TAMS 0x0000000086900000| PB 0x0000000086900000| Untracked |  0
|  76|0x0000000086a00000, 0x0000000086a00000, 0x0000000086b00000|  0%| F|  |TAMS 0x0000000086a00000| PB 0x0000000086a00000| Untracked |  0
|  77|0x0000000086b00000, 0x0000000086b00000, 0x0000000086c00000|  0%| F|  |TAMS 0x0000000086b00000| PB 0x0000000086b00000| Untracked |  0
|  78|0x0000000086c00000, 0x0000000086c00000, 0x0000000086d00000|  0%| F|  |TAMS 0x0000000086c00000| PB 0x0000000086c00000| Untracked |  0
|  79|0x0000000086d00000, 0x0000000086d00000, 0x0000000086e00000|  0%| F|  |TAMS 0x0000000086d00000| PB 0x0000000086d00000| Untracked |  0
|  80|0x0000000086e00000, 0x0000000086e00000, 0x0000000086f00000|  0%| F|  |TAMS 0x0000000086e00000| PB 0x0000000086e00000| Untracked |  0
|  81|0x0000000086f00000, 0x0000000086f00000, 0x0000000087000000|  0%| F|  |TAMS 0x0000000086f00000| PB 0x0000000086f00000| Untracked |  0
|  82|0x0000000087000000, 0x0000000087000000, 0x0000000087100000|  0%| F|  |TAMS 0x0000000087000000| PB 0x0000000087000000| Untracked |  0
|  83|0x0000000087100000, 0x0000000087100000, 0x0000000087200000|  0%| F|  |TAMS 0x0000000087100000| PB 0x0000000087100000| Untracked |  0
|  84|0x0000000087200000, 0x0000000087200000, 0x0000000087300000|  0%| F|  |TAMS 0x0000000087200000| PB 0x0000000087200000| Untracked |  0
|  85|0x0000000087300000, 0x0000000087300000, 0x0000000087400000|  0%| F|  |TAMS 0x0000000087300000| PB 0x0000000087300000| Untracked |  0
|  86|0x0000000087400000, 0x0000000087400000, 0x0000000087500000|  0%| F|  |TAMS 0x0000000087400000| PB 0x0000000087400000| Untracked |  0
|  87|0x0000000087500000, 0x0000000087500000, 0x0000000087600000|  0%| F|  |TAMS 0x0000000087500000| PB 0x0000000087500000| Untracked |  0
|  88|0x0000000087600000, 0x0000000087600000, 0x0000000087700000|  0%| F|  |TAMS 0x0000000087600000| PB 0x0000000087600000| Untracked |  0
|  89|0x0000000087700000, 0x0000000087700000, 0x0000000087800000|  0%| F|  |TAMS 0x0000000087700000| PB 0x0000000087700000| Untracked |  0
|  90|0x0000000087800000, 0x0000000087800000, 0x0000000087900000|  0%| F|  |TAMS 0x0000000087800000| PB 0x0000000087800000| Untracked |  0
|  91|0x0000000087900000, 0x0000000087900000, 0x0000000087a00000|  0%| F|  |TAMS 0x0000000087900000| PB 0x0000000087900000| Untracked |  0
|  92|0x0000000087a00000, 0x0000000087a00000, 0x0000000087b00000|  0%| F|  |TAMS 0x0000000087a00000| PB 0x0000000087a00000| Untracked |  0
|  93|0x0000000087b00000, 0x0000000087b00000, 0x0000000087c00000|  0%| F|  |TAMS 0x0000000087b00000| PB 0x0000000087b00000| Untracked |  0
|  94|0x0000000087c00000, 0x0000000087c00000, 0x0000000087d00000|  0%| F|  |TAMS 0x0000000087c00000| PB 0x0000000087c00000| Untracked |  0
|  95|0x0000000087d00000, 0x0000000087d00000, 0x0000000087e00000|  0%| F|  |TAMS 0x0000000087d00000| PB 0x0000000087d00000| Untracked |  0
|  96|0x0000000087e00000, 0x0000000087e80000, 0x0000000087f00000| 50%| E|  |TAMS 0x0000000087e00000| PB 0x0000000087e00000| Complete |  0
|  97|0x0000000087f00000, 0x0000000088000000, 0x0000000088000000|100%| E|CS|TAMS 0x0000000087f00000| PB 0x0000000087f00000| Complete |  0
|  98|0x0000000088000000, 0x0000000088100000, 0x0000000088100000|100%| E|CS|TAMS 0x0000000088000000| PB 0x0000000088000000| Complete |  0
|  99|0x0000000088100000, 0x0000000088200000, 0x0000000088200000|100%| E|CS|TAMS 0x0000000088100000| PB 0x0000000088100000| Complete |  0
| 100|0x0000000088200000, 0x0000000088300000, 0x0000000088300000|100%| E|CS|TAMS 0x0000000088200000| PB 0x0000000088200000| Complete |  0
| 101|0x0000000088300000, 0x0000000088400000, 0x0000000088400000|100%| E|CS|TAMS 0x0000000088300000| PB 0x0000000088300000| Complete |  0
| 102|0x0000000088400000, 0x0000000088500000, 0x0000000088500000|100%| E|CS|TAMS 0x0000000088400000| PB 0x0000000088400000| Complete |  0
| 103|0x0000000088500000, 0x0000000088600000, 0x0000000088600000|100%| E|CS|TAMS 0x0000000088500000| PB 0x0000000088500000| Complete |  0
| 104|0x0000000088600000, 0x0000000088700000, 0x0000000088700000|100%| E|CS|TAMS 0x0000000088600000| PB 0x0000000088600000| Complete |  0
| 105|0x0000000088700000, 0x0000000088800000, 0x0000000088800000|100%| E|CS|TAMS 0x0000000088700000| PB 0x0000000088700000| Complete |  0
| 106|0x0000000088800000, 0x0000000088900000, 0x0000000088900000|100%| E|CS|TAMS 0x0000000088800000| PB 0x0000000088800000| Complete |  0
| 107|0x0000000088900000, 0x0000000088a00000, 0x0000000088a00000|100%| E|CS|TAMS 0x0000000088900000| PB 0x0000000088900000| Complete |  0
| 108|0x0000000088a00000, 0x0000000088b00000, 0x0000000088b00000|100%| E|CS|TAMS 0x0000000088a00000| PB 0x0000000088a00000| Complete |  0
| 109|0x0000000088b00000, 0x0000000088c00000, 0x0000000088c00000|100%| E|CS|TAMS 0x0000000088b00000| PB 0x0000000088b00000| Complete |  0
| 110|0x0000000088c00000, 0x0000000088d00000, 0x0000000088d00000|100%| E|CS|TAMS 0x0000000088c00000| PB 0x0000000088c00000| Complete |  0
| 111|0x0000000088d00000, 0x0000000088e00000, 0x0000000088e00000|100%| E|CS|TAMS 0x0000000088d00000| PB 0x0000000088d00000| Complete |  0
| 112|0x0000000088e00000, 0x0000000088f00000, 0x0000000088f00000|100%| E|CS|TAMS 0x0000000088e00000| PB 0x0000000088e00000| Complete |  0
| 113|0x0000000088f00000, 0x0000000089000000, 0x0000000089000000|100%| E|CS|TAMS 0x0000000088f00000| PB 0x0000000088f00000| Complete |  0
| 114|0x0000000089000000, 0x0000000089100000, 0x0000000089100000|100%| E|CS|TAMS 0x0000000089000000| PB 0x0000000089000000| Complete |  0
| 115|0x0000000089100000, 0x0000000089200000, 0x0000000089200000|100%| E|CS|TAMS 0x0000000089100000| PB 0x0000000089100000| Complete |  0
| 116|0x0000000089200000, 0x0000000089300000, 0x0000000089300000|100%| E|CS|TAMS 0x0000000089200000| PB 0x0000000089200000| Complete |  0
| 117|0x0000000089300000, 0x0000000089400000, 0x0000000089400000|100%| E|CS|TAMS 0x0000000089300000| PB 0x0000000089300000| Complete |  0
| 118|0x0000000089400000, 0x0000000089500000, 0x0000000089500000|100%| E|CS|TAMS 0x0000000089400000| PB 0x0000000089400000| Complete |  0
| 119|0x0000000089500000, 0x0000000089600000, 0x0000000089600000|100%| E|CS|TAMS 0x0000000089500000| PB 0x0000000089500000| Complete |  0
| 120|0x0000000089600000, 0x0000000089700000, 0x0000000089700000|100%| E|CS|TAMS 0x0000000089600000| PB 0x0000000089600000| Complete |  0
| 121|0x0000000089700000, 0x0000000089800000, 0x0000000089800000|100%| E|CS|TAMS 0x0000000089700000| PB 0x0000000089700000| Complete |  0
| 122|0x0000000089800000, 0x0000000089900000, 0x0000000089900000|100%| E|CS|TAMS 0x0000000089800000| PB 0x0000000089800000| Complete |  0
| 123|0x0000000089900000, 0x0000000089a00000, 0x0000000089a00000|100%| E|CS|TAMS 0x0000000089900000| PB 0x0000000089900000| Complete |  0
| 124|0x0000000089a00000, 0x0000000089b00000, 0x0000000089b00000|100%| E|CS|TAMS 0x0000000089a00000| PB 0x0000000089a00000| Complete |  0
| 125|0x0000000089b00000, 0x0000000089c00000, 0x0000000089c00000|100%| E|CS|TAMS 0x0000000089b00000| PB 0x0000000089b00000| Complete |  0
| 126|0x0000000089c00000, 0x0000000089d00000, 0x0000000089d00000|100%| E|CS|TAMS 0x0000000089c00000| PB 0x0000000089c00000| Complete |  0
| 127|0x0000000089d00000, 0x0000000089e00000, 0x0000000089e00000|100%| E|CS|TAMS 0x0000000089d00000| PB 0x0000000089d00000| Complete |  0
|2016|0x00000000ffe00000, 0x00000000fff00000, 0x00000000fff00000|100%| O|  |TAMS 0x00000000ffe00000| PB 0x00000000ffe00000| Untracked |  0
|2017|0x00000000fff00000, 0x00000000fff1c2f8, 0x0000000100000000| 11%| O|  |TAMS 0x00000000fff00000| PB 0x00000000fff00000| Untracked |  0

Card table byte_map: [0x0000022f1df60000,0x0000022f1e360000] _byte_map_base: 0x0000022f1db51000

Marking Bits: (CMBitMap*) 0x0000022f05d84f00
 Bits: [0x0000022f1e360000, 0x0000022f202e8000)

Polling page: 0x0000022f03e10000

Metaspace:

Usage:
  Non-class:     17.69 MB used.
      Class:      1.95 MB used.
       Both:     19.64 MB used.

Virtual space:
  Non-class space:       64.00 MB reserved,      17.88 MB ( 28%) committed,  1 nodes.
      Class space:        1.00 GB reserved,       2.06 MB ( <1%) committed,  1 nodes.
             Both:        1.06 GB reserved,      19.94 MB (  2%) committed. 

Chunk freelists:
   Non-Class:  14.04 MB
       Class:  13.97 MB
        Both:  28.00 MB

MaxMetaspaceSize: unlimited
CompressedClassSpaceSize: 1.00 GB
Initial GC threshold: 21.00 MB
Current GC threshold: 21.00 MB
CDS: on
 - commit_granule_bytes: 65536.
 - commit_granule_words: 8192.
 - virtual_space_node_default_size: 8388608.
 - enlarge_chunks_in_place: 1.
UseCompressedClassPointers 1, UseCompactObjectHeaders 0
Narrow klass pointer bits 32, Max shift 3
Narrow klass base: 0x0000022f23000000, Narrow klass shift: 0
Encoding Range: [0x0000022f23000000 - 0x0000023023000000), (4294967296 bytes)
Klass Range:    [0x0000022f23000000 - 0x0000022f64000000), (1090519040 bytes)
Klass ID Range:  [8 - 1090519033) (1090519025)


Internal statistics:

num_allocs_failed_limit: 0.
num_arena_births: 166.
num_arena_deaths: 0.
num_vsnodes_births: 2.
num_vsnodes_deaths: 0.
num_space_committed: 319.
num_space_uncommitted: 0.
num_chunks_returned_to_freelist: 0.
num_chunks_taken_from_freelist: 362.
num_chunk_merges: 0.
num_chunk_splits: 221.
num_chunks_enlarged: 136.
num_inconsistent_stats: 0.

CodeHeap 'non-profiled nmethods': size=120064Kb used=676Kb max_used=676Kb free=119387Kb
 bounds [0x0000022f162f0000, 0x0000022f16560000, 0x0000022f1d830000]
CodeHeap 'profiled nmethods': size=120000Kb used=3327Kb max_used=3327Kb free=116672Kb
 bounds [0x0000022f0e830000, 0x0000022f0eb70000, 0x0000022f15d60000]
CodeHeap 'non-nmethods': size=5696Kb used=1629Kb max_used=1668Kb free=4066Kb
 bounds [0x0000022f15d60000, 0x0000022f15fd0000, 0x0000022f162f0000]
CodeCache: size=245760Kb, used=5632Kb, max_used=5671Kb, free=240125Kb
 total_blobs=2943, nmethods=2144, adapters=704, full_count=0
Compilation: enabled, stopped_count=0, restarted_count=0

Compilation events (20 events):
Event: 1280.196 Thread 0x0000022f22d66320 2135   !   3       com.mysql.cj.jdbc.AbandonedConnectionCleanupThread::checkThreadContextClassLoader (20 bytes)
Event: 1280.206 Thread 0x0000022f22d66320 nmethod 2135 0x0000022f0eb6d108 code [0x0000022f0eb6d280, 0x0000022f0eb6d8a8]
Event: 2737.398 Thread 0x0000022f22d448b0 2136       4       sun.net.www.ParseUtil::firstEncodeIndex (86 bytes)
Event: 2737.411 Thread 0x0000022f22d448b0 nmethod 2136 0x0000022f16397988 code [0x0000022f16397ac0, 0x0000022f16397d68]
Event: 2812.526 Thread 0x0000022f22d448b0 2137       4       java.io.WinNTFileSystem::normalize (148 bytes)
Event: 2812.553 Thread 0x0000022f22d448b0 nmethod 2137 0x0000022f16397e08 code [0x0000022f16397f60, 0x0000022f163982a8]
Event: 3598.917 Thread 0x0000022f22d448b0 2138       4       java.lang.ref.SoftReference::get (29 bytes)
Event: 3598.931 Thread 0x0000022f22d448b0 nmethod 2138 0x0000022f16398388 code [0x0000022f16398480, 0x0000022f163985b8]
Event: 4755.335 Thread 0x0000022f22d448b0 2139       4       java.lang.String::compareTo (9 bytes)
Event: 4755.344 Thread 0x0000022f22d448b0 nmethod 2139 0x0000022f16398688 code [0x0000022f163987a0, 0x0000022f163989f0]
Event: 4755.564 Thread 0x0000022f22d66320 2140  s    3       java.beans.ChangeListenerMap::get (25 bytes)
Event: 4755.569 Thread 0x0000022f22d66320 nmethod 2140 0x0000022f0eb6d908 code [0x0000022f0eb6da40, 0x0000022f0eb6de98]
Event: 4755.575 Thread 0x0000022f22d66320 2141       3       java.beans.PropertyChangeSupport::firePropertyChange (35 bytes)
Event: 4755.578 Thread 0x0000022f22d448b0 2144       4       java.util.HashMap$HashIterator::nextNode (100 bytes)
Event: 4755.585 Thread 0x0000022f22d66320 nmethod 2141 0x0000022f0eb6df08 code [0x0000022f0eb6e080, 0x0000022f0eb6e7e0]
Event: 4755.585 Thread 0x0000022f22d66320 2142   !   3       java.awt.Toolkit::setDesktopProperty (81 bytes)
Event: 4755.586 Thread 0x0000022f22d66320 nmethod 2142 0x0000022f0eb6e808 code [0x0000022f0eb6e9a0, 0x0000022f0eb6f298]
Event: 4755.586 Thread 0x0000022f22d66320 2143       3       java.awt.Font::equals (131 bytes)
Event: 4755.588 Thread 0x0000022f22d66320 nmethod 2143 0x0000022f0eb6f308 code [0x0000022f0eb6f4a0, 0x0000022f0eb6fcc0]
Event: 4755.590 Thread 0x0000022f22d448b0 nmethod 2144 0x0000022f16398a88 code [0x0000022f16398ba0, 0x0000022f163991b0]

GC Heap History (0 events):
No events

Dll operation events (11 events):
Event: 0.008 Loaded shared library C:\Program Files\Apache NetBeans\jdk\bin\java.dll
Event: 0.033 Loaded shared library C:\Program Files\Apache NetBeans\jdk\bin\jsvml.dll
Event: 0.056 Loaded shared library C:\Program Files\Apache NetBeans\jdk\bin\jimage.dll
Event: 0.060 Loaded shared library C:\Program Files\Apache NetBeans\jdk\bin\net.dll
Event: 0.061 Loaded shared library C:\Program Files\Apache NetBeans\jdk\bin\nio.dll
Event: 0.067 Loaded shared library C:\Program Files\Apache NetBeans\jdk\bin\zip.dll
Event: 0.077 Loaded shared library C:\Program Files\Apache NetBeans\jdk\bin\awt.dll
Event: 0.198 Loaded shared library C:\Program Files\Apache NetBeans\jdk\bin\freetype.dll
Event: 0.199 Loaded shared library C:\Program Files\Apache NetBeans\jdk\bin\fontmanager.dll
Event: 3.311 Loaded shared library C:\Program Files\Apache NetBeans\jdk\bin\extnet.dll
Event: 3.542 Loaded shared library C:\Program Files\Apache NetBeans\jdk\bin\sunmscapi.dll

Deoptimization events (20 events):
Event: 3.721 Thread 0x0000022f68855510 DEOPT PACKING pc=0x0000022f163291f4 sp=0x0000003d787fc010
Event: 3.721 Thread 0x0000022f68855510 DEOPT UNPACKING pc=0x0000022f15e76482 sp=0x0000003d787fbf98 mode 2
Event: 3.723 Thread 0x0000022f68855510 Uncommon trap: trap_request=0xffffffde fr.pc=0x0000022f16342afc relative=0x0000000000000d7c
Event: 3.723 Thread 0x0000022f68855510 Uncommon trap: reason=class_check action=maybe_recompile pc=0x0000022f16342afc method=java.util.HashMap.putVal(ILjava/lang/Object;Ljava/lang/Object;ZZ)Ljava/lang/Object; @ 253 c2
Event: 3.723 Thread 0x0000022f68855510 DEOPT PACKING pc=0x0000022f16342afc sp=0x0000003d787fd740
Event: 3.723 Thread 0x0000022f68855510 DEOPT UNPACKING pc=0x0000022f15e76482 sp=0x0000003d787fd6b0 mode 2
Event: 3.803 Thread 0x0000022f68855510 Uncommon trap: trap_request=0xffffffc6 fr.pc=0x0000022f1636db08 relative=0x00000000000004e8
Event: 3.803 Thread 0x0000022f68855510 Uncommon trap: reason=bimorphic_or_optimized_type_check action=maybe_recompile pc=0x0000022f1636db08 method=java.lang.invoke.VarHandleGuards.guard_LI_I(Ljava/lang/invoke/VarHandle;Ljava/lang/Object;ILjava/lang/invoke/VarHandle$AccessDescriptor;)I @ 2 c2
Event: 3.803 Thread 0x0000022f68855510 DEOPT PACKING pc=0x0000022f1636db08 sp=0x0000003d787fe1d0
Event: 3.804 Thread 0x0000022f68855510 DEOPT UNPACKING pc=0x0000022f15e76482 sp=0x0000003d787fe178 mode 2
Event: 3.804 Thread 0x0000022f68855510 Uncommon trap: trap_request=0xffffffc6 fr.pc=0x0000022f1636db08 relative=0x00000000000004e8
Event: 3.804 Thread 0x0000022f68855510 Uncommon trap: reason=bimorphic_or_optimized_type_check action=maybe_recompile pc=0x0000022f1636db08 method=java.lang.invoke.VarHandleGuards.guard_LI_I(Ljava/lang/invoke/VarHandle;Ljava/lang/Object;ILjava/lang/invoke/VarHandle$AccessDescriptor;)I @ 2 c2
Event: 3.804 Thread 0x0000022f68855510 DEOPT PACKING pc=0x0000022f1636db08 sp=0x0000003d787fe240
Event: 3.804 Thread 0x0000022f68855510 DEOPT UNPACKING pc=0x0000022f15e76482 sp=0x0000003d787fe1e8 mode 2
Event: 3.804 Thread 0x0000022f68855510 Uncommon trap: trap_request=0xffffffc6 fr.pc=0x0000022f1636db08 relative=0x00000000000004e8
Event: 3.804 Thread 0x0000022f68855510 Uncommon trap: reason=bimorphic_or_optimized_type_check action=maybe_recompile pc=0x0000022f1636db08 method=java.lang.invoke.VarHandleGuards.guard_LI_I(Ljava/lang/invoke/VarHandle;Ljava/lang/Object;ILjava/lang/invoke/VarHandle$AccessDescriptor;)I @ 2 c2
Event: 3.804 Thread 0x0000022f68855510 DEOPT PACKING pc=0x0000022f1636db08 sp=0x0000003d787fe290
Event: 3.804 Thread 0x0000022f68855510 DEOPT UNPACKING pc=0x0000022f15e76482 sp=0x0000003d787fe238 mode 2
Event: 8.389 Thread 0x0000022f68855510 DEOPT PACKING pc=0x0000022f0e9c58b3 sp=0x0000003d787fd980
Event: 8.389 Thread 0x0000022f68855510 DEOPT UNPACKING pc=0x0000022f15db5722 sp=0x0000003d787fcd30 mode 0

Classes loaded (20 events):
Event: 3.801 Loading class sun/security/ssl/Alert
Event: 3.802 Loading class sun/security/ssl/Alert done
Event: 3.802 Loading class sun/security/ssl/Alert$AlertConsumer
Event: 3.802 Loading class sun/security/ssl/Alert$AlertConsumer done
Event: 3.802 Loading class sun/security/ssl/Alert$Level
Event: 3.802 Loading class sun/security/ssl/Alert$Level done
Event: 3.803 Loading class java/io/InterruptedIOException
Event: 3.803 Loading class java/io/InterruptedIOException done
Event: 3.803 Loading class java/lang/StackTraceElement$HashedModules
Event: 3.803 Loading class java/lang/StackTraceElement$HashedModules done
Event: 4627.525 Loading class java/awt/desktop/SystemSleepListener
Event: 4627.557 Loading class java/awt/desktop/SystemEventListener
Event: 4627.569 Loading class java/awt/desktop/SystemEventListener done
Event: 4627.571 Loading class java/awt/desktop/SystemSleepListener done
Event: 4755.340 Loading class java/util/WeakHashMap$KeyIterator
Event: 4755.364 Loading class java/util/WeakHashMap$HashIterator
Event: 4755.388 Loading class java/util/WeakHashMap$HashIterator done
Event: 4755.388 Loading class java/util/WeakHashMap$KeyIterator done
Event: 4755.427 Loading class javax/swing/RepaintManager$DisplayChangedRunnable
Event: 4755.446 Loading class javax/swing/RepaintManager$DisplayChangedRunnable done

Classes unloaded (0 events):
No events

Classes redefined (0 events):
No events

Internal exceptions (20 events):
Event: 0.294 Thread 0x0000022f68855510 Exception <a 'java/lang/NoSuchMethodError'{0x00000000894355f8}: 'java.lang.Object java.lang.invoke.DirectMethodHandle$Holder.invokeStatic(java.lang.Object, java.lang.Object, java.lang.Object, java.lang.Object, int)'> (0x00000000894355f8) 
thrown [s\src\hotspot\share\interpreter\linkResolver.cpp, line 805]
Event: 0.296 Thread 0x0000022f68855510 Exception <a 'java/lang/NoSuchMethodError'{0x000000008944f9f8}: 'int java.lang.invoke.DirectMethodHandle$Holder.invokeSpecial(java.lang.Object, java.lang.Object, java.lang.Object)'> (0x000000008944f9f8) 
thrown [s\src\hotspot\share\interpreter\linkResolver.cpp, line 805]
Event: 0.352 Thread 0x0000022f685f1660 Exception <a 'java/lang/NoSuchMethodError'{0x0000000089a0fc30}: 'void java.lang.invoke.DirectMethodHandle$Holder.invokeVirtual(java.lang.Object, java.lang.Object)'> (0x0000000089a0fc30) 
thrown [s\src\hotspot\share\interpreter\linkResolver.cpp, line 805]
Event: 0.368 Thread 0x0000022f68855510 Exception <a 'java/lang/NoSuchMethodError'{0x0000000089343468}: 'void java.lang.invoke.DirectMethodHandle$Holder.invokeStaticInit(java.lang.Object)'> (0x0000000089343468) 
thrown [s\src\hotspot\share\interpreter\linkResolver.cpp, line 805]
Event: 0.407 Thread 0x0000022f68855510 Exception <a 'java/lang/NoSuchMethodError'{0x000000008939d790}: 'void java.lang.invoke.DelegatingMethodHandle$Holder.reinvoke_L(java.lang.Object, java.lang.Object, java.lang.Object, java.lang.Object, long, long, float)'> (0x000000008939d790) 
thrown [s\src\hotspot\share\interpreter\linkResolver.cpp, line 805]
Event: 0.408 Thread 0x0000022f68855510 Exception <a 'java/lang/NoSuchMethodError'{0x00000000893bd948}: 'java.lang.Object java.lang.invoke.DirectMethodHandle$Holder.invokeStatic(java.lang.Object, java.lang.Object, java.lang.Object, java.lang.Object, java.lang.Object, long)'> (0x00000000893bd948) 
thrown [s\src\hotspot\share\interpreter\linkResolver.cpp, line 805]
Event: 0.412 Thread 0x0000022f68855510 Exception <a 'java/lang/NoSuchMethodError'{0x0000000089201360}: 'float java.lang.invoke.DelegatingMethodHandle$Holder.reinvoke_L(java.lang.Object, java.lang.Object, java.lang.Object, java.lang.Object, long, long)'> (0x0000000089201360) 
thrown [s\src\hotspot\share\interpreter\linkResolver.cpp, line 805]
Event: 3.122 Thread 0x0000022f68855510 Exception <a 'java/lang/NoSuchMethodError'{0x00000000890932d8}: 'void java.lang.invoke.DirectMethodHandle$Holder.invokeStatic(java.lang.Object, java.lang.Object)'> (0x00000000890932d8) 
thrown [s\src\hotspot\share\interpreter\linkResolver.cpp, line 805]
Event: 3.172 Thread 0x0000022f68855510 Exception <a 'java/lang/NoSuchMethodError'{0x0000000088fd96f8}: 'java.lang.Object java.lang.invoke.DirectMethodHandle$Holder.invokeInterface(java.lang.Object, java.lang.Object)'> (0x0000000088fd96f8) 
thrown [s\src\hotspot\share\interpreter\linkResolver.cpp, line 805]
Event: 3.208 Thread 0x0000022f68855510 Exception <a 'java/lang/NoSuchMethodError'{0x0000000088c800a0}: 'void java.lang.invoke.DirectMethodHandle$Holder.invokeStatic(java.lang.Object, java.lang.Object, java.lang.Object)'> (0x0000000088c800a0) 
thrown [s\src\hotspot\share\interpreter\linkResolver.cpp, line 805]
Event: 3.210 Thread 0x0000022f68855510 Exception <a 'java/lang/NoSuchMethodError'{0x0000000088c97e40}: 'java.lang.Object java.lang.invoke.DirectMethodHandle$Holder.invokeVirtual(java.lang.Object, java.lang.Object, java.lang.Object)'> (0x0000000088c97e40) 
thrown [s\src\hotspot\share\interpreter\linkResolver.cpp, line 805]
Event: 3.400 Thread 0x0000022f68855510 Exception <a 'java/lang/NoSuchMethodError'{0x00000000886fa850}: 'void java.lang.invoke.DirectMethodHandle$Holder.invokeStaticInit(java.lang.Object, java.lang.Object)'> (0x00000000886fa850) 
thrown [s\src\hotspot\share\interpreter\linkResolver.cpp, line 805]
Event: 3.460 Thread 0x0000022f68855510 Exception <a 'sun/nio/fs/WindowsException'{0x000000008844d868}> (0x000000008844d868) 
thrown [s\src\hotspot\share\prims\jni.cpp, line 518]
Event: 3.501 Thread 0x0000022f68855510 Exception <a 'java/lang/NoSuchMethodError'{0x00000000884f7060}: 'java.lang.Object java.lang.invoke.DirectMethodHandle$Holder.invokeStaticInit(java.lang.Object, int, int, int, int)'> (0x00000000884f7060) 
thrown [s\src\hotspot\share\interpreter\linkResolver.cpp, line 805]
Event: 3.526 Thread 0x0000022f68855510 Exception <a 'java/lang/NoSuchMethodError'{0x000000008839ce28}: 'java.lang.Object java.lang.invoke.DirectMethodHandle$Holder.invokeStaticInit(java.lang.Object, java.lang.Object, int, int, int, int)'> (0x000000008839ce28) 
thrown [s\src\hotspot\share\interpreter\linkResolver.cpp, line 805]
Event: 3.715 Thread 0x0000022f68855510 Exception <a 'java/lang/NoSuchMethodError'{0x0000000088188788}: 'java.lang.Object java.lang.invoke.Invokers$Holder.invoke_MT(java.lang.Object, java.lang.Object, java.lang.Object, java.lang.Object, java.lang.Object, java.lang.Object)'> (0x0000000088188788) 
thrown [s\src\hotspot\share\interpreter\linkResolver.cpp, line 805]
Event: 3.716 Thread 0x0000022f68855510 Exception <a 'java/lang/NoSuchMethodError'{0x0000000088191708}: 'java.lang.Object java.lang.invoke.DirectMethodHandle$Holder.invokeStatic(java.lang.Object, java.lang.Object, int)'> (0x0000000088191708) 
thrown [s\src\hotspot\share\interpreter\linkResolver.cpp, line 805]
Event: 3.719 Thread 0x0000022f68855510 Exception <a 'java/lang/NoSuchMethodError'{0x00000000881b2f00}: 'void java.lang.invoke.DelegatingMethodHandle$Holder.delegate(java.lang.Object, java.lang.Object, int, java.lang.Object)'> (0x00000000881b2f00) 
thrown [s\src\hotspot\share\interpreter\linkResolver.cpp, line 805]
Event: 3.803 Thread 0x0000022f68855510 Exception <a 'java/io/IOException'{0x0000000087fcbc58}> (0x0000000087fcbc58) 
thrown [s\src\hotspot\share\prims\jni.cpp, line 518]
Event: 3.804 Thread 0x0000022f68855510 Exception <a 'java/lang/NoSuchMethodError'{0x0000000087fcf598}: 'void java.lang.invoke.DirectMethodHandle$Holder.invokeInterface(java.lang.Object, java.lang.Object)'> (0x0000000087fcf598) 
thrown [s\src\hotspot\share\interpreter\linkResolver.cpp, line 805]

VM Operations (20 events):
Event: 0.522 Executing VM operation: HandshakeAllThreads (Deoptimize)
Event: 0.522 Executing VM operation: HandshakeAllThreads (Deoptimize) done
Event: 3.303 Executing VM operation: HandshakeAllThreads (Deoptimize)
Event: 3.303 Executing VM operation: HandshakeAllThreads (Deoptimize) done
Event: 3.469 Executing VM operation: HandshakeAllThreads (Deoptimize)
Event: 3.469 Executing VM operation: HandshakeAllThreads (Deoptimize) done
Event: 3.684 Executing VM operation: HandshakeAllThreads (Deoptimize)
Event: 3.684 Executing VM operation: HandshakeAllThreads (Deoptimize) done
Event: 3.718 Executing VM operation: HandshakeAllThreads (Deoptimize)
Event: 3.718 Executing VM operation: HandshakeAllThreads (Deoptimize) done
Event: 3.722 Executing VM operation: HandshakeAllThreads (Deoptimize)
Event: 3.722 Executing VM operation: HandshakeAllThreads (Deoptimize) done
Event: 60.087 Executing VM operation: HandshakeAllThreads (HandshakeForDeflation)
Event: 60.087 Executing VM operation: HandshakeAllThreads (HandshakeForDeflation) done
Event: 60.088 Executing VM operation: RendezvousGCThreads
Event: 60.088 Executing VM operation: RendezvousGCThreads done
Event: 4810.333 Executing VM operation: HandshakeAllThreads (HandshakeForDeflation)
Event: 4810.334 Executing VM operation: HandshakeAllThreads (HandshakeForDeflation) done
Event: 4810.334 Executing VM operation: RendezvousGCThreads
Event: 4810.334 Executing VM operation: RendezvousGCThreads done

Memory protections (0 events):
No events

Nmethod flushes (0 events):
No events

Events (20 events):
Event: 0.031 Thread 0x0000022f03980f10 Thread added: 0x0000022f22d412b0
Event: 0.031 Thread 0x0000022f03980f10 Thread added: 0x0000022f22d41de0
Event: 0.031 Thread 0x0000022f03980f10 Thread added: 0x0000022f22d42a40
Event: 0.031 Thread 0x0000022f03980f10 Thread added: 0x0000022f22d456f0
Event: 0.031 Thread 0x0000022f03980f10 Thread added: 0x0000022f22d448b0
Event: 0.031 Thread 0x0000022f03980f10 Thread added: 0x0000022f22d66320
Event: 0.035 Thread 0x0000022f03980f10 Thread added: 0x0000022f68074a80
Event: 0.037 Thread 0x0000022f03980f10 Thread added: 0x0000022f68084bd0
Event: 0.118 Thread 0x0000022f03980f10 Thread added: 0x0000022f687e03d0
Event: 0.119 Thread 0x0000022f03980f10 Thread added: 0x0000022f685f0f20
Event: 0.119 Thread 0x0000022f03980f10 Thread added: 0x0000022f685f1660
Event: 0.261 Thread 0x0000022f03980f10 Thread added: 0x0000022f68855510
Event: 0.261 Thread 0x0000022f03980f10 Thread exited: 0x0000022f03980f10
Event: 0.261 Thread 0x0000022f03980f10 Thread added: 0x0000022f03980f10
Event: 0.532 Thread 0x0000022f68855510 Thread added: 0x0000022f689c0990
Event: 3.124 Thread 0x0000022f68855510 Thread added: 0x0000022f689c81e0
Event: 3.180 Thread 0x0000022f22d66320 Thread added: 0x0000022f22d63d50
Event: 3.197 Thread 0x0000022f22d66320 Thread added: 0x0000022f22d65400
Event: 8.380 Thread 0x0000022f22d65400 Thread exited: 0x0000022f22d65400
Event: 8.387 Thread 0x0000022f22d63d50 Thread exited: 0x0000022f22d63d50


Dynamic libraries:
0x00007ff7bde30000 - 0x00007ff7bde3e000 	C:\Program Files\Apache NetBeans\jdk\bin\java.exe
0x00007ff9e7ce0000 - 0x00007ff9e7f48000 	C:\WINDOWS\SYSTEM32\ntdll.dll
0x00007ff9e7850000 - 0x00007ff9e7919000 	C:\WINDOWS\System32\KERNEL32.DLL
0x00007ff9e5490000 - 0x00007ff9e587a000 	C:\WINDOWS\System32\KERNELBASE.dll
0x00007ff9e5100000 - 0x00007ff9e524b000 	C:\WINDOWS\System32\ucrtbase.dll
0x00007ff9d0f00000 - 0x00007ff9d0f16000 	C:\Program Files\Apache NetBeans\jdk\bin\jli.dll
0x00007ff9d57a0000 - 0x00007ff9d57be000 	C:\Program Files\Apache NetBeans\jdk\bin\VCRUNTIME140.dll
0x00007ff9e5df0000 - 0x00007ff9e5fb5000 	C:\WINDOWS\System32\USER32.dll
0x00007ff9d10c0000 - 0x00007ff9d1353000 	C:\WINDOWS\WinSxS\amd64_microsoft.windows.common-controls_6595b64144ccf1df_6.0.26100.4741_none_3e0ab010e3324267\COMCTL32.dll
0x00007ff9e5250000 - 0x00007ff9e5277000 	C:\WINDOWS\System32\win32u.dll
0x00007ff9e6a40000 - 0x00007ff9e6ae9000 	C:\WINDOWS\System32\msvcrt.dll
0x00007ff9e68f0000 - 0x00007ff9e691b000 	C:\WINDOWS\System32\GDI32.dll
0x00007ff9e4f40000 - 0x00007ff9e506d000 	C:\WINDOWS\System32\gdi32full.dll
0x00007ff9e5880000 - 0x00007ff9e5923000 	C:\WINDOWS\System32\msvcp_win.dll
0x00007ff9e7800000 - 0x00007ff9e782f000 	C:\WINDOWS\System32\IMM32.DLL
0x00007ff9d7f90000 - 0x00007ff9d7f9c000 	C:\Program Files\Apache NetBeans\jdk\bin\vcruntime140_1.dll
0x00007ff9b9550000 - 0x00007ff9b95dd000 	C:\Program Files\Apache NetBeans\jdk\bin\msvcp140.dll
0x00007ff93e5f0000 - 0x00007ff93f46c000 	C:\Program Files\Apache NetBeans\jdk\bin\server\jvm.dll
0x00007ff9e7740000 - 0x00007ff9e77f4000 	C:\WINDOWS\System32\ADVAPI32.dll
0x00007ff9e7b10000 - 0x00007ff9e7bb6000 	C:\WINDOWS\System32\sechost.dll
0x00007ff9e6920000 - 0x00007ff9e6a38000 	C:\WINDOWS\System32\RPCRT4.dll
0x00007ff9e7670000 - 0x00007ff9e76e4000 	C:\WINDOWS\System32\WS2_32.dll
0x00007ff9e4ce0000 - 0x00007ff9e4d3e000 	C:\WINDOWS\SYSTEM32\POWRPROF.dll
0x00007ff9dccd0000 - 0x00007ff9dccdb000 	C:\WINDOWS\SYSTEM32\VERSION.dll
0x00007ff9d4370000 - 0x00007ff9d43a5000 	C:\WINDOWS\SYSTEM32\WINMM.dll
0x00007ff9e4cc0000 - 0x00007ff9e4cd4000 	C:\WINDOWS\SYSTEM32\UMPDC.dll
0x00007ff9e3c30000 - 0x00007ff9e3c4b000 	C:\WINDOWS\SYSTEM32\kernel.appcore.dll
0x00007ff9d73e0000 - 0x00007ff9d73ea000 	C:\Program Files\Apache NetBeans\jdk\bin\jimage.dll
0x00007ff9e2780000 - 0x00007ff9e29c2000 	C:\WINDOWS\SYSTEM32\DBGHELP.DLL
0x00007ff9e5fc0000 - 0x00007ff9e633e000 	C:\WINDOWS\System32\combase.dll
0x00007ff9e7bc0000 - 0x00007ff9e7c98000 	C:\WINDOWS\System32\OLEAUT32.dll
0x00007ff9d4330000 - 0x00007ff9d436c000 	C:\WINDOWS\SYSTEM32\dbgcore.DLL
0x00007ff9e5280000 - 0x00007ff9e5319000 	C:\WINDOWS\System32\bcryptPrimitives.dll
0x00007ff9d2030000 - 0x00007ff9d204e000 	C:\Program Files\Apache NetBeans\jdk\bin\java.dll
0x00007ff9e6af0000 - 0x00007ff9e6c88000 	C:\WINDOWS\System32\ole32.dll
0x00007ff9e6c90000 - 0x00007ff9e73d6000 	C:\WINDOWS\System32\SHELL32.dll
0x00007ff9e5320000 - 0x00007ff9e548c000 	C:\WINDOWS\System32\wintypes.dll
0x00007ff9e2ab0000 - 0x00007ff9e330a000 	C:\WINDOWS\SYSTEM32\windows.storage.dll
0x00007ff9e5cf0000 - 0x00007ff9e5ddf000 	C:\WINDOWS\System32\SHCORE.dll
0x00007ff9e7aa0000 - 0x00007ff9e7b03000 	C:\WINDOWS\System32\shlwapi.dll
0x00007ff9e4da0000 - 0x00007ff9e4dc8000 	C:\WINDOWS\SYSTEM32\profapi.dll
0x00007ff9b9dd0000 - 0x00007ff9b9ea7000 	C:\Program Files\Apache NetBeans\jdk\bin\jsvml.dll
0x00007ff9d5c00000 - 0x00007ff9d5c10000 	C:\Program Files\Apache NetBeans\jdk\bin\net.dll
0x00007ff9e41e0000 - 0x00007ff9e424b000 	C:\WINDOWS\system32\mswsock.dll
0x00007ff9c6e50000 - 0x00007ff9c6e66000 	C:\Program Files\Apache NetBeans\jdk\bin\nio.dll
0x00007ff9c8240000 - 0x00007ff9c8257000 	C:\Program Files\Apache NetBeans\jdk\bin\zip.dll
0x00007ff987fb0000 - 0x00007ff98812e000 	C:\Program Files\Apache NetBeans\jdk\bin\awt.dll
0x00007ff9e1940000 - 0x00007ff9e19de000 	C:\WINDOWS\SYSTEM32\apphelp.dll
0x00007ff9e1d90000 - 0x00007ff9e1e39000 	C:\WINDOWS\system32\uxtheme.dll
0x00007ff9e5b60000 - 0x00007ff9e5cba000 	C:\WINDOWS\System32\MSCTF.dll
0x00007ff9e2220000 - 0x00007ff9e224e000 	C:\WINDOWS\system32\DWMAPI.DLL
0x00007ff9ab680000 - 0x00007ff9ab707000 	C:\Program Files\Apache NetBeans\jdk\bin\freetype.dll
0x00007ff9a47f0000 - 0x00007ff9a48c9000 	C:\Program Files\Apache NetBeans\jdk\bin\fontmanager.dll
0x00007ff9adcb0000 - 0x00007ff9addc1000 	C:\WINDOWS\system32\opengl32.dll
0x00007ff9ae720000 - 0x00007ff9ae74d000 	C:\WINDOWS\SYSTEM32\GLU32.dll
0x00007ff9e1e70000 - 0x00007ff9e1eb4000 	C:\WINDOWS\SYSTEM32\dxcore.dll
0x00007ff9b5be0000 - 0x00007ff9b5ff9000 	C:\Windows\System32\uiautomationcore.dll
0x00007ff9d9030000 - 0x00007ff9d90a6000 	C:\Windows\System32\OLEACC.dll
0x00007ff9e75c0000 - 0x00007ff9e7668000 	C:\WINDOWS\System32\clbcatq.dll
0x00007ff9e02a0000 - 0x00007ff9e04ce000 	C:\WINDOWS\SYSTEM32\WindowsCodecs.dll
0x00007ff9acef0000 - 0x00007ff9acf4a000 	C:\WINDOWS\system32\dataexchange.dll
0x00007ff9d8770000 - 0x00007ff9d89a1000 	C:\WINDOWS\system32\twinapi.appcore.dll
0x00007ff9c1a80000 - 0x00007ff9c1bca000 	C:\WINDOWS\SYSTEM32\textinputframework.dll
0x00007ff9bb210000 - 0x00007ff9bb226000 	C:\Windows\System32\threadpoolwinrt.dll
0x00007ff9e1670000 - 0x00007ff9e1795000 	C:\WINDOWS\SYSTEM32\CoreMessaging.dll
0x00007ff9de660000 - 0x00007ff9de943000 	C:\WINDOWS\SYSTEM32\CoreUIComponents.dll
0x00007ff9e44a0000 - 0x00007ff9e44ac000 	C:\WINDOWS\SYSTEM32\CRYPTBASE.DLL
0x00007ff9e3650000 - 0x00007ff9e3776000 	C:\WINDOWS\SYSTEM32\DNSAPI.dll
0x00007ff9e3610000 - 0x00007ff9e3644000 	C:\WINDOWS\SYSTEM32\IPHLPAPI.DLL
0x00007ff9e6350000 - 0x00007ff9e635a000 	C:\WINDOWS\System32\NSI.dll
0x00007ff9d4910000 - 0x00007ff9d491b000 	C:\Windows\System32\rasadhlp.dll
0x00007ff9d7d80000 - 0x00007ff9d7e06000 	C:\WINDOWS\System32\fwpuclnt.dll
0x00007ff9d59c0000 - 0x00007ff9d59c9000 	C:\Program Files\Apache NetBeans\jdk\bin\extnet.dll
0x00007ff9e4480000 - 0x00007ff9e449b000 	C:\WINDOWS\SYSTEM32\CRYPTSP.dll
0x00007ff9e3b90000 - 0x00007ff9e3bcb000 	C:\WINDOWS\system32\rsaenh.dll
0x00007ff9e4280000 - 0x00007ff9e42ab000 	C:\WINDOWS\SYSTEM32\USERENV.dll
0x00007ff9e4d70000 - 0x00007ff9e4d96000 	C:\WINDOWS\SYSTEM32\bcrypt.dll
0x00007ff9d5c40000 - 0x00007ff9d5c4e000 	C:\Program Files\Apache NetBeans\jdk\bin\sunmscapi.dll
0x00007ff9e5930000 - 0x00007ff9e5aa7000 	C:\WINDOWS\System32\CRYPT32.dll
0x00007ff9e46a0000 - 0x00007ff9e46d0000 	C:\WINDOWS\SYSTEM32\ncrypt.dll
0x00007ff9e4650000 - 0x00007ff9e468f000 	C:\WINDOWS\SYSTEM32\NTASN1.dll

JVMTI agents: none

dbghelp: loaded successfully - version: 4.0.5 - missing functions: none
symbol engine: initialized successfully - sym options: 0x614 - pdb path: .;C:\Program Files\Apache NetBeans\jdk\bin;C:\WINDOWS\SYSTEM32;C:\WINDOWS\WinSxS\amd64_microsoft.windows.common-controls_6595b64144ccf1df_6.0.26100.4741_none_3e0ab010e3324267;C:\Program Files\Apache NetBeans\jdk\bin\server

VM Arguments:
jvm_args: --enable-preview 
java_command: Table1
java_class_path (initial): C:\Users\ABHILASH\OneDrive\Documents\NetBeansProjects\Project4\target\classes;C:\Users\ABHILASH\.m2\repository\com\mysql\mysql-connector-j\8.0.33\mysql-connector-j-8.0.33.jar;C:\Users\ABHILASH\.m2\repository\com\google\protobuf\protobuf-java\3.21.9\protobuf-java-3.21.9.jar
Launcher Type: SUN_STANDARD

[Global flags]
     intx CICompilerCount                          = 4                                         {product} {ergonomic}
     uint ConcGCThreads                            = 2                                         {product} {ergonomic}
     uint G1ConcRefinementThreads                  = 8                                         {product} {ergonomic}
   size_t G1HeapRegionSize                         = 1048576                                   {product} {ergonomic}
   size_t InitialHeapSize                          = 134217728                                 {product} {ergonomic}
   size_t MarkStackSize                            = 4194304                                   {product} {ergonomic}
   size_t MarkStackSizeMax                         = 536870912                                 {product} {ergonomic}
   size_t MaxHeapSize                              = 2116026368                                {product} {ergonomic}
   size_t MaxNewSize                               = 1268776960                                {product} {ergonomic}
   size_t MinHeapDeltaBytes                        = 1048576                                   {product} {ergonomic}
   size_t MinHeapSize                              = 8388608                                   {product} {ergonomic}
    uintx NonNMethodCodeHeapSize                   = 5832704                                {pd product} {ergonomic}
    uintx NonProfiledCodeHeapSize                  = 122945536                              {pd product} {ergonomic}
    uintx ProfiledCodeHeapSize                     = 122880000                              {pd product} {ergonomic}
    uintx ReservedCodeCacheSize                    = 251658240                              {pd product} {ergonomic}
     bool SegmentedCodeCache                       = true                                      {product} {ergonomic}
   size_t SoftMaxHeapSize                          = 2116026368                             {manageable} {ergonomic}
     bool UseCompressedOops                        = true                           {product lp64_product} {ergonomic}
     bool UseG1GC                                  = true                                      {product} {ergonomic}
     bool UseLargePagesIndividualAllocation        = false                                  {pd product} {ergonomic}

Logging:
Log output configuration:
 #0: stdout all=warning uptime,level,tags foldmultilines=false
 #1: stderr all=off uptime,level,tags foldmultilines=false

Environment Variables:
JAVA_HOME=C:\Program Files\Apache NetBeans\jdk
PATH=C:\Program Files\Common Files\Oracle\Java\javapath;C:\Windows\system32;C:\Users\ABHILASH\AppData\Roaming\Microsoft\Windows\Start Menu\Programs\Python 3.7;C:\Windows;C:\Windows\System32\Wbem;C:\Windows\System32\WindowsPowerShell\v1.0\;C:\Windows\System32\OpenSSH\;C:\Program Files (x86)\Intel\Intel(R) Management Engine Components\DAL;C:\Program Files\Intel\Intel(R) Management Engine Components\DAL;C:\Program Files (x86)\NVIDIA Corporation\PhysX\Common;C:\Program Files\NVIDIA Corporation\NVIDIA NvDLISR;C:\WINDOWS\system32;C:\WINDOWS;C:\WINDOWS\System32\Wbem;C:\WINDOWS\System32\WindowsPowerShell\v1.0\;C:\WINDOWS\System32\OpenSSH\;C:\Program Files\dotnet\;C:\Program Files\Microsoft SQL Server\130\Tools\Binn\;C:\Program Files\Microsoft SQL Server\Client SDK\ODBC\170\Tools\Binn\;C:\Users\ABHILASH\AppData\Roaming\nvm;C:\Program Files\nodejs;C:\Program Files\Git\cmd;C:\Program Files\Java\jdk-18.0.2\bin;;C:\WINDOWS\system32;C:\WINDOWS;C:\WINDOWS\System32\Wbem;C:\WINDOWS\System32\WindowsPowerShell\v1.0\;C:\WINDOWS\System32\OpenSSH\;C:\msys64\ucrt64\bin;C:\Users\ABHILASH\AppData\Local\Programs\Microsoft VS Code\bin;C:\Users\ABHILASH\AppData\Local\JetBrains\IntelliJ IDEA Community Edition 2024.3.5\bin;;C:\Users\ABHILASH\AppData\Local\Microsoft\WindowsApps;
USERNAME=ABHILASH
OS=Windows_NT
PROCESSOR_IDENTIFIER=Intel64 Family 6 Model 142 Stepping 12, GenuineIntel
TMP=C:\Users\ABHILASH\AppData\Local\Temp
TEMP=C:\Users\ABHILASH\AppData\Local\Temp




Periodic native trim disabled

---------------  S Y S T E M  ---------------

OS:
 Windows 11 , 64 bit Build 26100 (10.0.26100.4741)
OS uptime: 3 days 4:43 hours
Hyper-V role detected

CPU: total 8 (initial active 8) (4 cores per cpu, 2 threads per core) family 6 model 142 stepping 12 microcode 0xde, cx8, cmov, fxsr, ht, mmx, 3dnowpref, sse, sse2, sse3, ssse3, sse4.1, sse4.2, popcnt, lzcnt, tsc, tscinvbit, avx, avx2, aes, erms, clmul, bmi1, bmi2, adx, fma, vzeroupper, clflush, clflushopt, hv, rdtscp, f16c
Processor Information for the first 8 processors :
  Max Mhz: 1800, Current Mhz: 1600, Mhz Limit: 1584

Memory: 4k page, system-wide physical 8065M (895M free)
TotalPageFile size 18347M (AvailPageFile size 1876M)
current process WorkingSet (physical memory assigned to process): 16M, peak: 131M
current process commit charge ("private bytes"): 244M, peak: 268M

vm_info: OpenJDK 64-Bit Server VM (24.0.1+9) for windows-amd64 JRE (24.0.1+9) (Zulu24.30+11-CA), built on 2025-03-21T13:52:34Z with MS VC++ 17.1 (VS2022)

END.
